{"/home/matt/Springboard/express-jobly-assignment/jobly/express-jobly/app.js": {"path":"/home/matt/Springboard/express-jobly-assignment/jobly/express-jobly/app.js","statementMap":{"0":{"start":{"line":5,"column":16},"end":{"line":5,"column":34}},"1":{"start":{"line":6,"column":13},"end":{"line":6,"column":28}},"2":{"start":{"line":8,"column":26},"end":{"line":8,"column":51}},"3":{"start":{"line":10,"column":28},"end":{"line":10,"column":56}},"4":{"start":{"line":11,"column":19},"end":{"line":11,"column":43}},"5":{"start":{"line":12,"column":24},"end":{"line":12,"column":53}},"6":{"start":{"line":13,"column":20},"end":{"line":13,"column":45}},"7":{"start":{"line":14,"column":19},"end":{"line":14,"column":43}},"8":{"start":{"line":16,"column":15},"end":{"line":16,"column":32}},"9":{"start":{"line":18,"column":12},"end":{"line":18,"column":21}},"10":{"start":{"line":20,"column":0},"end":{"line":20,"column":16}},"11":{"start":{"line":21,"column":0},"end":{"line":21,"column":24}},"12":{"start":{"line":22,"column":0},"end":{"line":22,"column":24}},"13":{"start":{"line":23,"column":0},"end":{"line":23,"column":25}},"14":{"start":{"line":25,"column":0},"end":{"line":25,"column":29}},"15":{"start":{"line":26,"column":0},"end":{"line":26,"column":39}},"16":{"start":{"line":27,"column":0},"end":{"line":27,"column":31}},"17":{"start":{"line":28,"column":0},"end":{"line":28,"column":29}},"18":{"start":{"line":32,"column":0},"end":{"line":34,"column":3}},"19":{"start":{"line":33,"column":2},"end":{"line":33,"column":35}},"20":{"start":{"line":37,"column":0},"end":{"line":45,"column":3}},"21":{"start":{"line":38,"column":2},"end":{"line":38,"column":64}},"22":{"start":{"line":38,"column":39},"end":{"line":38,"column":64}},"23":{"start":{"line":39,"column":17},"end":{"line":39,"column":34}},"24":{"start":{"line":40,"column":18},"end":{"line":40,"column":29}},"25":{"start":{"line":42,"column":2},"end":{"line":44,"column":5}},"26":{"start":{"line":47,"column":0},"end":{"line":47,"column":21}}},"fnMap":{"0":{"name":"(anonymous_0)","decl":{"start":{"line":32,"column":8},"end":{"line":32,"column":9}},"loc":{"start":{"line":32,"column":34},"end":{"line":34,"column":1}},"line":32},"1":{"name":"(anonymous_1)","decl":{"start":{"line":37,"column":8},"end":{"line":37,"column":9}},"loc":{"start":{"line":37,"column":39},"end":{"line":45,"column":1}},"line":37}},"branchMap":{"0":{"loc":{"start":{"line":38,"column":2},"end":{"line":38,"column":64}},"type":"if","locations":[{"start":{"line":38,"column":2},"end":{"line":38,"column":64}},{"start":{},"end":{}}],"line":38},"1":{"loc":{"start":{"line":39,"column":17},"end":{"line":39,"column":34}},"type":"binary-expr","locations":[{"start":{"line":39,"column":17},"end":{"line":39,"column":27}},{"start":{"line":39,"column":31},"end":{"line":39,"column":34}}],"line":39}},"s":{"0":5,"1":5,"2":5,"3":5,"4":5,"5":5,"6":5,"7":5,"8":5,"9":5,"10":5,"11":5,"12":5,"13":5,"14":5,"15":5,"16":5,"17":5,"18":5,"19":2,"20":5,"21":46,"22":1,"23":46,"24":46,"25":46,"26":5},"f":{"0":2,"1":46},"b":{"0":[1,45],"1":[46,2]},"_coverageSchema":"1a1c01bbd47fc00a2c39e90264f33305004495a9","hash":"654b3d64778ca6a95ed8ae088d3ee8e73d20aafb"}
,"/home/matt/Springboard/express-jobly-assignment/jobly/express-jobly/config.js": {"path":"/home/matt/Springboard/express-jobly-assignment/jobly/express-jobly/config.js","statementMap":{"0":{"start":{"line":5,"column":0},"end":{"line":5,"column":27}},"1":{"start":{"line":6,"column":0},"end":{"line":6,"column":18}},"2":{"start":{"line":8,"column":19},"end":{"line":8,"column":57}},"3":{"start":{"line":10,"column":13},"end":{"line":10,"column":38}},"4":{"start":{"line":14,"column":2},"end":{"line":16,"column":40}},"5":{"start":{"line":22,"column":27},"end":{"line":22,"column":67}},"6":{"start":{"line":24,"column":0},"end":{"line":24,"column":35}},"7":{"start":{"line":25,"column":0},"end":{"line":25,"column":46}},"8":{"start":{"line":26,"column":0},"end":{"line":26,"column":45}},"9":{"start":{"line":27,"column":0},"end":{"line":27,"column":61}},"10":{"start":{"line":28,"column":0},"end":{"line":28,"column":51}},"11":{"start":{"line":29,"column":0},"end":{"line":29,"column":19}},"12":{"start":{"line":31,"column":0},"end":{"line":36,"column":2}}},"fnMap":{"0":{"name":"getDatabaseName","decl":{"start":{"line":13,"column":9},"end":{"line":13,"column":24}},"loc":{"start":{"line":13,"column":27},"end":{"line":17,"column":1}},"line":13}},"branchMap":{"0":{"loc":{"start":{"line":8,"column":19},"end":{"line":8,"column":57}},"type":"binary-expr","locations":[{"start":{"line":8,"column":19},"end":{"line":8,"column":41}},{"start":{"line":8,"column":45},"end":{"line":8,"column":57}}],"line":8},"1":{"loc":{"start":{"line":10,"column":13},"end":{"line":10,"column":38}},"type":"binary-expr","locations":[{"start":{"line":10,"column":13},"end":{"line":10,"column":30}},{"start":{"line":10,"column":34},"end":{"line":10,"column":38}}],"line":10},"2":{"loc":{"start":{"line":14,"column":9},"end":{"line":16,"column":39}},"type":"cond-expr","locations":[{"start":{"line":15,"column":4},"end":{"line":15,"column":16}},{"start":{"line":16,"column":4},"end":{"line":16,"column":39}}],"line":14},"3":{"loc":{"start":{"line":16,"column":4},"end":{"line":16,"column":39}},"type":"binary-expr","locations":[{"start":{"line":16,"column":4},"end":{"line":16,"column":28}},{"start":{"line":16,"column":32},"end":{"line":16,"column":39}}],"line":16},"4":{"loc":{"start":{"line":22,"column":27},"end":{"line":22,"column":67}},"type":"cond-expr","locations":[{"start":{"line":22,"column":61},"end":{"line":22,"column":62}},{"start":{"line":22,"column":65},"end":{"line":22,"column":67}}],"line":22}},"s":{"0":11,"1":11,"2":11,"3":11,"4":22,"5":11,"6":11,"7":11,"8":11,"9":11,"10":11,"11":11,"12":11},"f":{"0":22},"b":{"0":[11,10],"1":[11,10],"2":[19,3],"3":[3,1],"4":[10,1]},"_coverageSchema":"1a1c01bbd47fc00a2c39e90264f33305004495a9","hash":"37b0f7058e9003095a427c5d88837f71ea5df233"}
,"/home/matt/Springboard/express-jobly-assignment/jobly/express-jobly/db.js": {"path":"/home/matt/Springboard/express-jobly-assignment/jobly/express-jobly/db.js","statementMap":{"0":{"start":{"line":3,"column":19},"end":{"line":3,"column":32}},"1":{"start":{"line":4,"column":28},"end":{"line":4,"column":47}},"2":{"start":{"line":5,"column":0},"end":{"line":5,"column":27}},"3":{"start":{"line":8,"column":11},"end":{"line":14,"column":2}},"4":{"start":{"line":16,"column":0},"end":{"line":16,"column":13}},"5":{"start":{"line":18,"column":0},"end":{"line":18,"column":20}}},"fnMap":{},"branchMap":{},"s":{"0":8,"1":8,"2":8,"3":8,"4":8,"5":8},"f":{},"b":{},"_coverageSchema":"1a1c01bbd47fc00a2c39e90264f33305004495a9","hash":"aef2ead2c92c3fa0922b7ad3382f18569f72abb4"}
,"/home/matt/Springboard/express-jobly-assignment/jobly/express-jobly/expressError.js": {"path":"/home/matt/Springboard/express-jobly-assignment/jobly/express-jobly/expressError.js","statementMap":{"0":{"start":{"line":9,"column":4},"end":{"line":9,"column":12}},"1":{"start":{"line":10,"column":4},"end":{"line":10,"column":27}},"2":{"start":{"line":11,"column":4},"end":{"line":11,"column":25}},"3":{"start":{"line":19,"column":4},"end":{"line":19,"column":24}},"4":{"start":{"line":27,"column":4},"end":{"line":27,"column":24}},"5":{"start":{"line":35,"column":4},"end":{"line":35,"column":24}},"6":{"start":{"line":43,"column":4},"end":{"line":43,"column":24}},"7":{"start":{"line":47,"column":0},"end":{"line":53,"column":2}}},"fnMap":{"0":{"name":"(anonymous_0)","decl":{"start":{"line":8,"column":2},"end":{"line":8,"column":3}},"loc":{"start":{"line":8,"column":31},"end":{"line":12,"column":3}},"line":8},"1":{"name":"(anonymous_1)","decl":{"start":{"line":18,"column":2},"end":{"line":18,"column":3}},"loc":{"start":{"line":18,"column":37},"end":{"line":20,"column":3}},"line":18},"2":{"name":"(anonymous_2)","decl":{"start":{"line":26,"column":2},"end":{"line":26,"column":3}},"loc":{"start":{"line":26,"column":40},"end":{"line":28,"column":3}},"line":26},"3":{"name":"(anonymous_3)","decl":{"start":{"line":34,"column":2},"end":{"line":34,"column":3}},"loc":{"start":{"line":34,"column":39},"end":{"line":36,"column":3}},"line":34},"4":{"name":"(anonymous_4)","decl":{"start":{"line":42,"column":2},"end":{"line":42,"column":3}},"loc":{"start":{"line":42,"column":39},"end":{"line":44,"column":3}},"line":42}},"branchMap":{"0":{"loc":{"start":{"line":18,"column":14},"end":{"line":18,"column":35}},"type":"default-arg","locations":[{"start":{"line":18,"column":24},"end":{"line":18,"column":35}}],"line":18},"1":{"loc":{"start":{"line":26,"column":14},"end":{"line":26,"column":38}},"type":"default-arg","locations":[{"start":{"line":26,"column":24},"end":{"line":26,"column":38}}],"line":26},"2":{"loc":{"start":{"line":34,"column":14},"end":{"line":34,"column":37}},"type":"default-arg","locations":[{"start":{"line":34,"column":24},"end":{"line":34,"column":37}}],"line":34},"3":{"loc":{"start":{"line":42,"column":14},"end":{"line":42,"column":37}},"type":"default-arg","locations":[{"start":{"line":42,"column":24},"end":{"line":42,"column":37}}],"line":42}},"s":{"0":63,"1":63,"2":63,"3":19,"4":23,"5":21,"6":0,"7":10},"f":{"0":63,"1":19,"2":23,"3":21,"4":0},"b":{"0":[2],"1":[19],"2":[0],"3":[0]},"_coverageSchema":"1a1c01bbd47fc00a2c39e90264f33305004495a9","hash":"89b8921d60d2f95d0cb0216259de755b656de54b"}
,"/home/matt/Springboard/express-jobly-assignment/jobly/express-jobly/helpers/sql.js": {"path":"/home/matt/Springboard/express-jobly-assignment/jobly/express-jobly/helpers/sql.js","statementMap":{"0":{"start":{"line":1,"column":28},"end":{"line":1,"column":54}},"1":{"start":{"line":13,"column":15},"end":{"line":13,"column":40}},"2":{"start":{"line":14,"column":2},"end":{"line":14,"column":62}},"3":{"start":{"line":14,"column":25},"end":{"line":14,"column":62}},"4":{"start":{"line":15,"column":2},"end":{"line":15,"column":95}},"5":{"start":{"line":15,"column":38},"end":{"line":15,"column":95}},"6":{"start":{"line":16,"column":2},"end":{"line":16,"column":26}},"7":{"start":{"line":18,"column":15},"end":{"line":20,"column":3}},"8":{"start":{"line":19,"column":6},"end":{"line":19,"column":52}},"9":{"start":{"line":21,"column":2},"end":{"line":24,"column":4}},"10":{"start":{"line":27,"column":0},"end":{"line":27,"column":41}}},"fnMap":{"0":{"name":"sqlForPartialUpdate","decl":{"start":{"line":12,"column":9},"end":{"line":12,"column":28}},"loc":{"start":{"line":12,"column":52},"end":{"line":25,"column":1}},"line":12},"1":{"name":"(anonymous_1)","decl":{"start":{"line":18,"column":24},"end":{"line":18,"column":25}},"loc":{"start":{"line":19,"column":6},"end":{"line":19,"column":52}},"line":19}},"branchMap":{"0":{"loc":{"start":{"line":14,"column":2},"end":{"line":14,"column":62}},"type":"if","locations":[{"start":{"line":14,"column":2},"end":{"line":14,"column":62}},{"start":{},"end":{}}],"line":14},"1":{"loc":{"start":{"line":15,"column":2},"end":{"line":15,"column":95}},"type":"if","locations":[{"start":{"line":15,"column":2},"end":{"line":15,"column":95}},{"start":{},"end":{}}],"line":15},"2":{"loc":{"start":{"line":16,"column":12},"end":{"line":16,"column":25}},"type":"binary-expr","locations":[{"start":{"line":16,"column":12},"end":{"line":16,"column":19}},{"start":{"line":16,"column":23},"end":{"line":16,"column":25}}],"line":16},"3":{"loc":{"start":{"line":19,"column":10},"end":{"line":19,"column":37}},"type":"binary-expr","locations":[{"start":{"line":19,"column":10},"end":{"line":19,"column":26}},{"start":{"line":19,"column":30},"end":{"line":19,"column":37}}],"line":19}},"s":{"0":9,"1":23,"2":23,"3":4,"4":19,"5":1,"6":18,"7":18,"8":36,"9":18,"10":9},"f":{"0":23,"1":36},"b":{"0":[4,19],"1":[1,18],"2":[18,1],"3":[36,13]},"_coverageSchema":"1a1c01bbd47fc00a2c39e90264f33305004495a9","hash":"bf4a630b1ad00ccbe718ca8c4b29f5d14e44eeb2"}
,"/home/matt/Springboard/express-jobly-assignment/jobly/express-jobly/helpers/tokens.js": {"path":"/home/matt/Springboard/express-jobly-assignment/jobly/express-jobly/helpers/tokens.js","statementMap":{"0":{"start":{"line":1,"column":12},"end":{"line":1,"column":35}},"1":{"start":{"line":2,"column":23},"end":{"line":2,"column":43}},"2":{"start":{"line":7,"column":2},"end":{"line":8,"column":58}},"3":{"start":{"line":10,"column":16},"end":{"line":13,"column":3}},"4":{"start":{"line":15,"column":2},"end":{"line":15,"column":39}},"5":{"start":{"line":18,"column":0},"end":{"line":18,"column":33}}},"fnMap":{"0":{"name":"createToken","decl":{"start":{"line":6,"column":9},"end":{"line":6,"column":20}},"loc":{"start":{"line":6,"column":27},"end":{"line":16,"column":1}},"line":6}},"branchMap":{"0":{"loc":{"start":{"line":12,"column":13},"end":{"line":12,"column":34}},"type":"binary-expr","locations":[{"start":{"line":12,"column":13},"end":{"line":12,"column":25}},{"start":{"line":12,"column":29},"end":{"line":12,"column":34}}],"line":12}},"s":{"0":6,"1":6,"2":15,"3":15,"4":15,"5":6},"f":{"0":15},"b":{"0":[15,9]},"_coverageSchema":"1a1c01bbd47fc00a2c39e90264f33305004495a9","hash":"8cc937e37bbb740dbb9fdb40048701febc2138b5"}
,"/home/matt/Springboard/express-jobly-assignment/jobly/express-jobly/middleware/auth.js": {"path":"/home/matt/Springboard/express-jobly-assignment/jobly/express-jobly/middleware/auth.js","statementMap":{"0":{"start":{"line":5,"column":12},"end":{"line":5,"column":35}},"1":{"start":{"line":6,"column":23},"end":{"line":6,"column":43}},"2":{"start":{"line":7,"column":30},"end":{"line":7,"column":56}},"3":{"start":{"line":19,"column":2},"end":{"line":28,"column":3}},"4":{"start":{"line":20,"column":23},"end":{"line":20,"column":63}},"5":{"start":{"line":21,"column":4},"end":{"line":24,"column":5}},"6":{"start":{"line":22,"column":20},"end":{"line":22,"column":64}},"7":{"start":{"line":23,"column":6},"end":{"line":23,"column":54}},"8":{"start":{"line":25,"column":4},"end":{"line":25,"column":18}},"9":{"start":{"line":27,"column":4},"end":{"line":27,"column":18}},"10":{"start":{"line":37,"column":2},"end":{"line":42,"column":3}},"11":{"start":{"line":38,"column":4},"end":{"line":38,"column":56}},"12":{"start":{"line":38,"column":26},"end":{"line":38,"column":56}},"13":{"start":{"line":39,"column":4},"end":{"line":39,"column":18}},"14":{"start":{"line":41,"column":4},"end":{"line":41,"column":21}},"15":{"start":{"line":51,"column":2},"end":{"line":64,"column":3}},"16":{"start":{"line":52,"column":4},"end":{"line":55,"column":5}},"17":{"start":{"line":53,"column":6},"end":{"line":53,"column":50}},"18":{"start":{"line":54,"column":6},"end":{"line":54,"column":36}},"19":{"start":{"line":56,"column":4},"end":{"line":59,"column":5}},"20":{"start":{"line":57,"column":6},"end":{"line":57,"column":53}},"21":{"start":{"line":58,"column":6},"end":{"line":58,"column":36}},"22":{"start":{"line":60,"column":4},"end":{"line":60,"column":33}},"23":{"start":{"line":61,"column":4},"end":{"line":61,"column":18}},"24":{"start":{"line":63,"column":4},"end":{"line":63,"column":21}},"25":{"start":{"line":72,"column":2},"end":{"line":85,"column":3}},"26":{"start":{"line":73,"column":4},"end":{"line":73,"column":56}},"27":{"start":{"line":73,"column":26},"end":{"line":73,"column":56}},"28":{"start":{"line":75,"column":20},"end":{"line":75,"column":43}},"29":{"start":{"line":76,"column":23},"end":{"line":76,"column":71}},"30":{"start":{"line":78,"column":4},"end":{"line":78,"column":45}},"31":{"start":{"line":78,"column":31},"end":{"line":78,"column":45}},"32":{"start":{"line":80,"column":4},"end":{"line":80,"column":34}},"33":{"start":{"line":84,"column":4},"end":{"line":84,"column":21}},"34":{"start":{"line":88,"column":0},"end":{"line":93,"column":2}}},"fnMap":{"0":{"name":"authenticateJWT","decl":{"start":{"line":18,"column":9},"end":{"line":18,"column":24}},"loc":{"start":{"line":18,"column":41},"end":{"line":29,"column":1}},"line":18},"1":{"name":"ensureLoggedIn","decl":{"start":{"line":36,"column":9},"end":{"line":36,"column":23}},"loc":{"start":{"line":36,"column":40},"end":{"line":43,"column":1}},"line":36},"2":{"name":"ensureAdminUser","decl":{"start":{"line":50,"column":9},"end":{"line":50,"column":24}},"loc":{"start":{"line":50,"column":41},"end":{"line":65,"column":1}},"line":50},"3":{"name":"ensureUserAuthorization","decl":{"start":{"line":71,"column":9},"end":{"line":71,"column":32}},"loc":{"start":{"line":71,"column":49},"end":{"line":86,"column":1}},"line":71}},"branchMap":{"0":{"loc":{"start":{"line":20,"column":23},"end":{"line":20,"column":63}},"type":"binary-expr","locations":[{"start":{"line":20,"column":23},"end":{"line":20,"column":34}},{"start":{"line":20,"column":38},"end":{"line":20,"column":63}}],"line":20},"1":{"loc":{"start":{"line":21,"column":4},"end":{"line":24,"column":5}},"type":"if","locations":[{"start":{"line":21,"column":4},"end":{"line":24,"column":5}},{"start":{},"end":{}}],"line":21},"2":{"loc":{"start":{"line":38,"column":4},"end":{"line":38,"column":56}},"type":"if","locations":[{"start":{"line":38,"column":4},"end":{"line":38,"column":56}},{"start":{},"end":{}}],"line":38},"3":{"loc":{"start":{"line":52,"column":4},"end":{"line":55,"column":5}},"type":"if","locations":[{"start":{"line":52,"column":4},"end":{"line":55,"column":5}},{"start":{},"end":{}}],"line":52},"4":{"loc":{"start":{"line":56,"column":4},"end":{"line":59,"column":5}},"type":"if","locations":[{"start":{"line":56,"column":4},"end":{"line":59,"column":5}},{"start":{},"end":{}}],"line":56},"5":{"loc":{"start":{"line":73,"column":4},"end":{"line":73,"column":56}},"type":"if","locations":[{"start":{"line":73,"column":4},"end":{"line":73,"column":56}},{"start":{},"end":{}}],"line":73},"6":{"loc":{"start":{"line":78,"column":4},"end":{"line":78,"column":45}},"type":"if","locations":[{"start":{"line":78,"column":4},"end":{"line":78,"column":45}},{"start":{},"end":{}}],"line":78},"7":{"loc":{"start":{"line":78,"column":8},"end":{"line":78,"column":29}},"type":"binary-expr","locations":[{"start":{"line":78,"column":8},"end":{"line":78,"column":15}},{"start":{"line":78,"column":19},"end":{"line":78,"column":29}}],"line":78}},"s":{"0":6,"1":6,"2":6,"3":83,"4":83,"5":83,"6":55,"7":55,"8":82,"9":1,"10":14,"11":14,"12":3,"13":11,"14":3,"15":33,"16":33,"17":5,"18":5,"19":28,"20":6,"21":6,"22":22,"23":22,"24":11,"25":17,"26":17,"27":3,"28":14,"29":14,"30":14,"31":12,"32":2,"33":5,"34":6},"f":{"0":83,"1":14,"2":33,"3":17},"b":{"0":[83,82],"1":[55,28],"2":[3,11],"3":[5,28],"4":[6,22],"5":[3,14],"6":[12,2],"7":[14,8]},"_coverageSchema":"1a1c01bbd47fc00a2c39e90264f33305004495a9","hash":"3c23234efc2b53ecaad0c7dfbb2bfd408e46b5b8"}
,"/home/matt/Springboard/express-jobly-assignment/jobly/express-jobly/models/_testCommon.js": {"path":"/home/matt/Springboard/express-jobly-assignment/jobly/express-jobly/models/_testCommon.js","statementMap":{"0":{"start":{"line":1,"column":15},"end":{"line":1,"column":32}},"1":{"start":{"line":3,"column":11},"end":{"line":3,"column":30}},"2":{"start":{"line":4,"column":31},"end":{"line":4,"column":51}},"3":{"start":{"line":8,"column":2},"end":{"line":8,"column":42}},"4":{"start":{"line":10,"column":2},"end":{"line":10,"column":38}},"5":{"start":{"line":11,"column":2},"end":{"line":11,"column":37}},"6":{"start":{"line":13,"column":2},"end":{"line":17,"column":55}},"7":{"start":{"line":19,"column":2},"end":{"line":31,"column":9}},"8":{"start":{"line":33,"column":2},"end":{"line":37,"column":36}},"9":{"start":{"line":42,"column":2},"end":{"line":42,"column":26}},"10":{"start":{"line":46,"column":2},"end":{"line":46,"column":29}},"11":{"start":{"line":50,"column":2},"end":{"line":50,"column":17}},"12":{"start":{"line":54,"column":0},"end":{"line":59,"column":2}}},"fnMap":{"0":{"name":"commonBeforeAll","decl":{"start":{"line":6,"column":15},"end":{"line":6,"column":30}},"loc":{"start":{"line":6,"column":33},"end":{"line":38,"column":1}},"line":6},"1":{"name":"commonBeforeEach","decl":{"start":{"line":41,"column":15},"end":{"line":41,"column":31}},"loc":{"start":{"line":41,"column":34},"end":{"line":43,"column":1}},"line":41},"2":{"name":"commonAfterEach","decl":{"start":{"line":45,"column":15},"end":{"line":45,"column":30}},"loc":{"start":{"line":45,"column":33},"end":{"line":47,"column":1}},"line":45},"3":{"name":"commonAfterAll","decl":{"start":{"line":49,"column":15},"end":{"line":49,"column":29}},"loc":{"start":{"line":49,"column":32},"end":{"line":51,"column":1}},"line":49}},"branchMap":{},"s":{"0":3,"1":3,"2":3,"3":3,"4":3,"5":3,"6":3,"7":3,"8":3,"9":38,"10":38,"11":3,"12":3},"f":{"0":3,"1":38,"2":38,"3":3},"b":{},"_coverageSchema":"1a1c01bbd47fc00a2c39e90264f33305004495a9","hash":"137b367fd96a789f28705772b455f4e0bbfa1798"}
,"/home/matt/Springboard/express-jobly-assignment/jobly/express-jobly/models/company.js": {"path":"/home/matt/Springboard/express-jobly-assignment/jobly/express-jobly/models/company.js","statementMap":{"0":{"start":{"line":3,"column":11},"end":{"line":3,"column":27}},"1":{"start":{"line":4,"column":43},"end":{"line":4,"column":69}},"2":{"start":{"line":5,"column":32},"end":{"line":5,"column":57}},"3":{"start":{"line":20,"column":27},"end":{"line":24,"column":17}},"4":{"start":{"line":26,"column":4},"end":{"line":27,"column":64}},"5":{"start":{"line":27,"column":6},"end":{"line":27,"column":64}},"6":{"start":{"line":29,"column":19},"end":{"line":41,"column":5}},"7":{"start":{"line":42,"column":20},"end":{"line":42,"column":34}},"8":{"start":{"line":44,"column":4},"end":{"line":44,"column":19}},"9":{"start":{"line":53,"column":25},"end":{"line":60,"column":26}},"10":{"start":{"line":61,"column":4},"end":{"line":61,"column":29}},"11":{"start":{"line":73,"column":23},"end":{"line":81,"column":17}},"12":{"start":{"line":83,"column":20},"end":{"line":83,"column":38}},"13":{"start":{"line":85,"column":4},"end":{"line":85,"column":67}},"14":{"start":{"line":85,"column":18},"end":{"line":85,"column":67}},"15":{"start":{"line":87,"column":4},"end":{"line":87,"column":19}},"16":{"start":{"line":97,"column":25},"end":{"line":106,"column":5}},"17":{"start":{"line":107,"column":4},"end":{"line":107,"column":29}},"18":{"start":{"line":118,"column":20},"end":{"line":123,"column":37}},"19":{"start":{"line":124,"column":21},"end":{"line":124,"column":23}},"20":{"start":{"line":126,"column":8},"end":{"line":129,"column":9}},"21":{"start":{"line":127,"column":10},"end":{"line":127,"column":48}},"22":{"start":{"line":128,"column":10},"end":{"line":128,"column":36}},"23":{"start":{"line":130,"column":8},"end":{"line":133,"column":17}},"24":{"start":{"line":131,"column":10},"end":{"line":131,"column":104}},"25":{"start":{"line":132,"column":10},"end":{"line":132,"column":36}},"26":{"start":{"line":134,"column":26},"end":{"line":134,"column":55}},"27":{"start":{"line":135,"column":8},"end":{"line":135,"column":30}},"28":{"start":{"line":152,"column":32},"end":{"line":157,"column":10}},"29":{"start":{"line":158,"column":25},"end":{"line":158,"column":50}},"30":{"start":{"line":160,"column":21},"end":{"line":167,"column":54}},"31":{"start":{"line":168,"column":19},"end":{"line":168,"column":64}},"32":{"start":{"line":169,"column":20},"end":{"line":169,"column":34}},"33":{"start":{"line":171,"column":4},"end":{"line":171,"column":67}},"34":{"start":{"line":171,"column":18},"end":{"line":171,"column":67}},"35":{"start":{"line":173,"column":4},"end":{"line":173,"column":19}},"36":{"start":{"line":182,"column":19},"end":{"line":187,"column":17}},"37":{"start":{"line":188,"column":20},"end":{"line":188,"column":34}},"38":{"start":{"line":190,"column":4},"end":{"line":190,"column":67}},"39":{"start":{"line":190,"column":18},"end":{"line":190,"column":67}},"40":{"start":{"line":195,"column":0},"end":{"line":195,"column":25}}},"fnMap":{"0":{"name":"(anonymous_0)","decl":{"start":{"line":19,"column":2},"end":{"line":19,"column":3}},"loc":{"start":{"line":19,"column":76},"end":{"line":45,"column":3}},"line":19},"1":{"name":"(anonymous_1)","decl":{"start":{"line":52,"column":2},"end":{"line":52,"column":3}},"loc":{"start":{"line":52,"column":25},"end":{"line":62,"column":3}},"line":52},"2":{"name":"(anonymous_2)","decl":{"start":{"line":72,"column":2},"end":{"line":72,"column":3}},"loc":{"start":{"line":72,"column":27},"end":{"line":88,"column":3}},"line":72},"3":{"name":"(anonymous_3)","decl":{"start":{"line":96,"column":2},"end":{"line":96,"column":3}},"loc":{"start":{"line":96,"column":32},"end":{"line":108,"column":3}},"line":96},"4":{"name":"(anonymous_4)","decl":{"start":{"line":117,"column":6},"end":{"line":117,"column":7}},"loc":{"start":{"line":117,"column":68},"end":{"line":136,"column":7}},"line":117},"5":{"name":"(anonymous_5)","decl":{"start":{"line":151,"column":2},"end":{"line":151,"column":3}},"loc":{"start":{"line":151,"column":36},"end":{"line":174,"column":3}},"line":151},"6":{"name":"(anonymous_6)","decl":{"start":{"line":181,"column":2},"end":{"line":181,"column":3}},"loc":{"start":{"line":181,"column":30},"end":{"line":191,"column":3}},"line":181}},"branchMap":{"0":{"loc":{"start":{"line":26,"column":4},"end":{"line":27,"column":64}},"type":"if","locations":[{"start":{"line":26,"column":4},"end":{"line":27,"column":64}},{"start":{},"end":{}}],"line":26},"1":{"loc":{"start":{"line":85,"column":4},"end":{"line":85,"column":67}},"type":"if","locations":[{"start":{"line":85,"column":4},"end":{"line":85,"column":67}},{"start":{},"end":{}}],"line":85},"2":{"loc":{"start":{"line":126,"column":8},"end":{"line":129,"column":9}},"type":"if","locations":[{"start":{"line":126,"column":8},"end":{"line":129,"column":9}},{"start":{},"end":{}}],"line":126},"3":{"loc":{"start":{"line":130,"column":8},"end":{"line":133,"column":17}},"type":"if","locations":[{"start":{"line":130,"column":8},"end":{"line":133,"column":17}},{"start":{},"end":{}}],"line":130},"4":{"loc":{"start":{"line":131,"column":22},"end":{"line":131,"column":62}},"type":"cond-expr","locations":[{"start":{"line":131,"column":45},"end":{"line":131,"column":51}},{"start":{"line":131,"column":54},"end":{"line":131,"column":62}}],"line":131},"5":{"loc":{"start":{"line":171,"column":4},"end":{"line":171,"column":67}},"type":"if","locations":[{"start":{"line":171,"column":4},"end":{"line":171,"column":67}},{"start":{},"end":{}}],"line":171},"6":{"loc":{"start":{"line":190,"column":4},"end":{"line":190,"column":67}},"type":"if","locations":[{"start":{"line":190,"column":4},"end":{"line":190,"column":67}},{"start":{},"end":{}}],"line":190}},"s":{"0":6,"1":6,"2":6,"3":20,"4":20,"5":1,"6":19,"7":19,"8":19,"9":5,"10":4,"11":5,"12":5,"13":5,"14":2,"15":3,"16":1,"17":1,"18":2,"19":2,"20":2,"21":1,"22":1,"23":2,"24":1,"25":1,"26":2,"27":2,"28":6,"29":5,"30":5,"31":5,"32":5,"33":5,"34":2,"35":3,"36":4,"37":4,"38":4,"39":2,"40":6},"f":{"0":20,"1":5,"2":5,"3":1,"4":2,"5":6,"6":4},"b":{"0":[1,19],"1":[2,3],"2":[1,1],"3":[1,1],"4":[0,1],"5":[2,3],"6":[2,2]},"_coverageSchema":"1a1c01bbd47fc00a2c39e90264f33305004495a9","hash":"6d6cc4c5d4f601ff59947cd25bfdca29750a68db"}
,"/home/matt/Springboard/express-jobly-assignment/jobly/express-jobly/models/job.js": {"path":"/home/matt/Springboard/express-jobly-assignment/jobly/express-jobly/models/job.js","statementMap":{"0":{"start":{"line":3,"column":18},"end":{"line":3,"column":36}},"1":{"start":{"line":4,"column":11},"end":{"line":4,"column":27}},"2":{"start":{"line":5,"column":43},"end":{"line":5,"column":69}},"3":{"start":{"line":6,"column":32},"end":{"line":6,"column":57}},"4":{"start":{"line":21,"column":19},"end":{"line":27,"column":5}},"5":{"start":{"line":28,"column":16},"end":{"line":28,"column":30}},"6":{"start":{"line":30,"column":4},"end":{"line":30,"column":15}},"7":{"start":{"line":39,"column":20},"end":{"line":46,"column":27}},"8":{"start":{"line":47,"column":4},"end":{"line":47,"column":24}},"9":{"start":{"line":58,"column":19},"end":{"line":66,"column":13}},"10":{"start":{"line":68,"column":16},"end":{"line":68,"column":30}},"11":{"start":{"line":70,"column":4},"end":{"line":70,"column":63}},"12":{"start":{"line":70,"column":14},"end":{"line":70,"column":63}},"13":{"start":{"line":72,"column":4},"end":{"line":72,"column":15}},"14":{"start":{"line":81,"column":20},"end":{"line":90,"column":5}},"15":{"start":{"line":91,"column":4},"end":{"line":91,"column":24}},"16":{"start":{"line":100,"column":22},"end":{"line":107,"column":32}},"17":{"start":{"line":109,"column":8},"end":{"line":109,"column":28}},"18":{"start":{"line":118,"column":22},"end":{"line":125,"column":39}},"19":{"start":{"line":127,"column":8},"end":{"line":127,"column":28}},"20":{"start":{"line":136,"column":22},"end":{"line":143,"column":24}},"21":{"start":{"line":145,"column":8},"end":{"line":145,"column":28}},"22":{"start":{"line":154,"column":22},"end":{"line":161,"column":42}},"23":{"start":{"line":163,"column":8},"end":{"line":163,"column":28}},"24":{"start":{"line":172,"column":22},"end":{"line":179,"column":35}},"25":{"start":{"line":181,"column":8},"end":{"line":181,"column":28}},"26":{"start":{"line":190,"column":22},"end":{"line":197,"column":28}},"27":{"start":{"line":199,"column":8},"end":{"line":199,"column":28}},"28":{"start":{"line":209,"column":23},"end":{"line":214,"column":9}},"29":{"start":{"line":215,"column":8},"end":{"line":215,"column":27}},"30":{"start":{"line":231,"column":32},"end":{"line":237,"column":10}},"31":{"start":{"line":238,"column":18},"end":{"line":238,"column":43}},"32":{"start":{"line":240,"column":21},"end":{"line":243,"column":74}},"33":{"start":{"line":244,"column":19},"end":{"line":244,"column":60}},"34":{"start":{"line":245,"column":16},"end":{"line":245,"column":30}},"35":{"start":{"line":247,"column":4},"end":{"line":247,"column":68}},"36":{"start":{"line":247,"column":27},"end":{"line":247,"column":68}},"37":{"start":{"line":249,"column":4},"end":{"line":249,"column":15}},"38":{"start":{"line":258,"column":19},"end":{"line":263,"column":13}},"39":{"start":{"line":264,"column":16},"end":{"line":264,"column":30}},"40":{"start":{"line":266,"column":4},"end":{"line":266,"column":63}},"41":{"start":{"line":266,"column":14},"end":{"line":266,"column":63}},"42":{"start":{"line":271,"column":0},"end":{"line":271,"column":21}}},"fnMap":{"0":{"name":"(anonymous_0)","decl":{"start":{"line":20,"column":2},"end":{"line":20,"column":3}},"loc":{"start":{"line":20,"column":65},"end":{"line":31,"column":3}},"line":20},"1":{"name":"(anonymous_1)","decl":{"start":{"line":38,"column":2},"end":{"line":38,"column":3}},"loc":{"start":{"line":38,"column":25},"end":{"line":48,"column":3}},"line":38},"2":{"name":"(anonymous_2)","decl":{"start":{"line":57,"column":2},"end":{"line":57,"column":3}},"loc":{"start":{"line":57,"column":23},"end":{"line":73,"column":3}},"line":57},"3":{"name":"(anonymous_3)","decl":{"start":{"line":80,"column":2},"end":{"line":80,"column":3}},"loc":{"start":{"line":80,"column":36},"end":{"line":92,"column":3}},"line":80},"4":{"name":"(anonymous_4)","decl":{"start":{"line":99,"column":6},"end":{"line":99,"column":7}},"loc":{"start":{"line":99,"column":47},"end":{"line":110,"column":7}},"line":99},"5":{"name":"(anonymous_5)","decl":{"start":{"line":117,"column":4},"end":{"line":117,"column":5}},"loc":{"start":{"line":117,"column":60},"end":{"line":128,"column":9}},"line":117},"6":{"name":"(anonymous_6)","decl":{"start":{"line":135,"column":4},"end":{"line":135,"column":5}},"loc":{"start":{"line":135,"column":34},"end":{"line":146,"column":9}},"line":135},"7":{"name":"(anonymous_7)","decl":{"start":{"line":153,"column":4},"end":{"line":153,"column":5}},"loc":{"start":{"line":153,"column":63},"end":{"line":164,"column":9}},"line":153},"8":{"name":"(anonymous_8)","decl":{"start":{"line":171,"column":4},"end":{"line":171,"column":5}},"loc":{"start":{"line":171,"column":54},"end":{"line":182,"column":9}},"line":171},"9":{"name":"(anonymous_9)","decl":{"start":{"line":189,"column":4},"end":{"line":189,"column":5}},"loc":{"start":{"line":189,"column":46},"end":{"line":200,"column":9}},"line":189},"10":{"name":"(anonymous_10)","decl":{"start":{"line":208,"column":4},"end":{"line":208,"column":5}},"loc":{"start":{"line":208,"column":51},"end":{"line":216,"column":7}},"line":208},"11":{"name":"(anonymous_11)","decl":{"start":{"line":230,"column":2},"end":{"line":230,"column":3}},"loc":{"start":{"line":230,"column":32},"end":{"line":250,"column":3}},"line":230},"12":{"name":"(anonymous_12)","decl":{"start":{"line":257,"column":2},"end":{"line":257,"column":3}},"loc":{"start":{"line":257,"column":26},"end":{"line":267,"column":3}},"line":257}},"branchMap":{"0":{"loc":{"start":{"line":70,"column":4},"end":{"line":70,"column":63}},"type":"if","locations":[{"start":{"line":70,"column":4},"end":{"line":70,"column":63}},{"start":{},"end":{}}],"line":70},"1":{"loc":{"start":{"line":247,"column":4},"end":{"line":247,"column":68}},"type":"if","locations":[{"start":{"line":247,"column":4},"end":{"line":247,"column":68}},{"start":{},"end":{}}],"line":247},"2":{"loc":{"start":{"line":266,"column":4},"end":{"line":266,"column":63}},"type":"if","locations":[{"start":{"line":266,"column":4},"end":{"line":266,"column":63}},{"start":{},"end":{}}],"line":266}},"s":{"0":6,"1":6,"2":6,"3":6,"4":15,"5":15,"6":15,"7":6,"8":6,"9":4,"10":4,"11":4,"12":2,"13":2,"14":1,"15":1,"16":1,"17":1,"18":1,"19":1,"20":1,"21":1,"22":1,"23":1,"24":1,"25":1,"26":1,"27":1,"28":2,"29":2,"30":6,"31":4,"32":4,"33":4,"34":4,"35":4,"36":1,"37":3,"38":4,"39":4,"40":4,"41":2,"42":6},"f":{"0":15,"1":6,"2":4,"3":1,"4":1,"5":1,"6":1,"7":1,"8":1,"9":1,"10":2,"11":6,"12":4},"b":{"0":[2,2],"1":[1,3],"2":[2,2]},"_coverageSchema":"1a1c01bbd47fc00a2c39e90264f33305004495a9","hash":"de88a30a41a03d1efda82599fc1748605f3b2184"}
,"/home/matt/Springboard/express-jobly-assignment/jobly/express-jobly/models/user.js": {"path":"/home/matt/Springboard/express-jobly-assignment/jobly/express-jobly/models/user.js","statementMap":{"0":{"start":{"line":3,"column":11},"end":{"line":3,"column":27}},"1":{"start":{"line":4,"column":15},"end":{"line":4,"column":32}},"2":{"start":{"line":5,"column":32},"end":{"line":5,"column":57}},"3":{"start":{"line":10,"column":4},"end":{"line":10,"column":30}},"4":{"start":{"line":12,"column":31},"end":{"line":12,"column":54}},"5":{"start":{"line":26,"column":19},"end":{"line":36,"column":5}},"6":{"start":{"line":38,"column":17},"end":{"line":38,"column":31}},"7":{"start":{"line":40,"column":4},"end":{"line":47,"column":5}},"8":{"start":{"line":42,"column":22},"end":{"line":42,"column":67}},"9":{"start":{"line":43,"column":6},"end":{"line":46,"column":7}},"10":{"start":{"line":44,"column":8},"end":{"line":44,"column":29}},"11":{"start":{"line":45,"column":8},"end":{"line":45,"column":20}},"12":{"start":{"line":49,"column":4},"end":{"line":49,"column":61}},"13":{"start":{"line":61,"column":27},"end":{"line":66,"column":5}},"14":{"start":{"line":68,"column":4},"end":{"line":70,"column":5}},"15":{"start":{"line":69,"column":6},"end":{"line":69,"column":67}},"16":{"start":{"line":72,"column":27},"end":{"line":72,"column":74}},"17":{"start":{"line":74,"column":19},"end":{"line":92,"column":5}},"18":{"start":{"line":94,"column":17},"end":{"line":94,"column":31}},"19":{"start":{"line":96,"column":4},"end":{"line":96,"column":16}},"20":{"start":{"line":106,"column":19},"end":{"line":117,"column":5}},"21":{"start":{"line":119,"column":4},"end":{"line":119,"column":23}},"22":{"start":{"line":131,"column":20},"end":{"line":143,"column":5}},"23":{"start":{"line":145,"column":17},"end":{"line":145,"column":32}},"24":{"start":{"line":147,"column":4},"end":{"line":147,"column":63}},"25":{"start":{"line":147,"column":15},"end":{"line":147,"column":63}},"26":{"start":{"line":149,"column":4},"end":{"line":149,"column":16}},"27":{"start":{"line":170,"column":4},"end":{"line":172,"column":5}},"28":{"start":{"line":171,"column":6},"end":{"line":171,"column":75}},"29":{"start":{"line":174,"column":32},"end":{"line":180,"column":10}},"30":{"start":{"line":181,"column":27},"end":{"line":181,"column":52}},"31":{"start":{"line":183,"column":21},"end":{"line":190,"column":54}},"32":{"start":{"line":191,"column":19},"end":{"line":191,"column":66}},"33":{"start":{"line":192,"column":17},"end":{"line":192,"column":31}},"34":{"start":{"line":194,"column":4},"end":{"line":194,"column":63}},"35":{"start":{"line":194,"column":15},"end":{"line":194,"column":63}},"36":{"start":{"line":196,"column":4},"end":{"line":196,"column":25}},"37":{"start":{"line":197,"column":4},"end":{"line":197,"column":16}},"38":{"start":{"line":203,"column":17},"end":{"line":209,"column":5}},"39":{"start":{"line":210,"column":17},"end":{"line":210,"column":31}},"40":{"start":{"line":212,"column":4},"end":{"line":212,"column":63}},"41":{"start":{"line":212,"column":15},"end":{"line":212,"column":63}},"42":{"start":{"line":222,"column":27},"end":{"line":227,"column":5}},"43":{"start":{"line":229,"column":4},"end":{"line":231,"column":5}},"44":{"start":{"line":230,"column":6},"end":{"line":230,"column":104}},"45":{"start":{"line":232,"column":19},"end":{"line":237,"column":44}},"46":{"start":{"line":239,"column":24},"end":{"line":239,"column":38}},"47":{"start":{"line":240,"column":4},"end":{"line":240,"column":23}},"48":{"start":{"line":245,"column":0},"end":{"line":245,"column":22}}},"fnMap":{"0":{"name":"(anonymous_0)","decl":{"start":{"line":24,"column":2},"end":{"line":24,"column":3}},"loc":{"start":{"line":24,"column":48},"end":{"line":50,"column":3}},"line":24},"1":{"name":"(anonymous_1)","decl":{"start":{"line":59,"column":2},"end":{"line":59,"column":3}},"loc":{"start":{"line":60,"column":67},"end":{"line":97,"column":3}},"line":60},"2":{"name":"(anonymous_2)","decl":{"start":{"line":105,"column":2},"end":{"line":105,"column":3}},"loc":{"start":{"line":105,"column":25},"end":{"line":120,"column":3}},"line":105},"3":{"name":"(anonymous_3)","decl":{"start":{"line":130,"column":2},"end":{"line":130,"column":3}},"loc":{"start":{"line":130,"column":29},"end":{"line":150,"column":3}},"line":130},"4":{"name":"(anonymous_4)","decl":{"start":{"line":169,"column":2},"end":{"line":169,"column":3}},"loc":{"start":{"line":169,"column":38},"end":{"line":198,"column":3}},"line":169},"5":{"name":"(anonymous_5)","decl":{"start":{"line":202,"column":2},"end":{"line":202,"column":3}},"loc":{"start":{"line":202,"column":32},"end":{"line":213,"column":3}},"line":202},"6":{"name":"(anonymous_6)","decl":{"start":{"line":221,"column":2},"end":{"line":221,"column":3}},"loc":{"start":{"line":221,"column":43},"end":{"line":241,"column":3}},"line":221}},"branchMap":{"0":{"loc":{"start":{"line":40,"column":4},"end":{"line":47,"column":5}},"type":"if","locations":[{"start":{"line":40,"column":4},"end":{"line":47,"column":5}},{"start":{},"end":{}}],"line":40},"1":{"loc":{"start":{"line":43,"column":6},"end":{"line":46,"column":7}},"type":"if","locations":[{"start":{"line":43,"column":6},"end":{"line":46,"column":7}},{"start":{},"end":{}}],"line":43},"2":{"loc":{"start":{"line":68,"column":4},"end":{"line":70,"column":5}},"type":"if","locations":[{"start":{"line":68,"column":4},"end":{"line":70,"column":5}},{"start":{},"end":{}}],"line":68},"3":{"loc":{"start":{"line":147,"column":4},"end":{"line":147,"column":63}},"type":"if","locations":[{"start":{"line":147,"column":4},"end":{"line":147,"column":63}},{"start":{},"end":{}}],"line":147},"4":{"loc":{"start":{"line":170,"column":4},"end":{"line":172,"column":5}},"type":"if","locations":[{"start":{"line":170,"column":4},"end":{"line":172,"column":5}},{"start":{},"end":{}}],"line":170},"5":{"loc":{"start":{"line":194,"column":4},"end":{"line":194,"column":63}},"type":"if","locations":[{"start":{"line":194,"column":4},"end":{"line":194,"column":63}},{"start":{},"end":{}}],"line":194},"6":{"loc":{"start":{"line":212,"column":4},"end":{"line":212,"column":63}},"type":"if","locations":[{"start":{"line":212,"column":4},"end":{"line":212,"column":63}},{"start":{},"end":{}}],"line":212},"7":{"loc":{"start":{"line":229,"column":4},"end":{"line":231,"column":5}},"type":"if","locations":[{"start":{"line":229,"column":4},"end":{"line":231,"column":5}},{"start":{},"end":{}}],"line":229}},"s":{"0":6,"1":6,"2":6,"3":6,"4":6,"5":7,"6":7,"7":7,"8":4,"9":4,"10":3,"11":3,"12":4,"13":19,"14":19,"15":1,"16":18,"17":18,"18":18,"19":18,"20":3,"21":2,"22":5,"23":5,"24":5,"25":2,"26":3,"27":8,"28":2,"29":8,"30":7,"31":7,"32":7,"33":7,"34":7,"35":2,"36":5,"37":5,"38":5,"39":5,"40":5,"41":2,"42":4,"43":4,"44":1,"45":3,"46":3,"47":3,"48":6},"f":{"0":7,"1":19,"2":3,"3":5,"4":8,"5":5,"6":4},"b":{"0":[4,3],"1":[3,1],"2":[1,18],"3":[2,3],"4":[2,6],"5":[2,5],"6":[2,3],"7":[1,3]},"_coverageSchema":"1a1c01bbd47fc00a2c39e90264f33305004495a9","hash":"90b396a88edfe16b636b6ca9cfc76457d312d3b3"}
,"/home/matt/Springboard/express-jobly-assignment/jobly/express-jobly/routes/_testCommon.js": {"path":"/home/matt/Springboard/express-jobly-assignment/jobly/express-jobly/routes/_testCommon.js","statementMap":{"0":{"start":{"line":3,"column":11},"end":{"line":3,"column":30}},"1":{"start":{"line":4,"column":13},"end":{"line":4,"column":38}},"2":{"start":{"line":5,"column":16},"end":{"line":5,"column":44}},"3":{"start":{"line":6,"column":24},"end":{"line":6,"column":52}},"4":{"start":{"line":7,"column":12},"end":{"line":7,"column":39}},"5":{"start":{"line":11,"column":2},"end":{"line":11,"column":38}},"6":{"start":{"line":13,"column":2},"end":{"line":13,"column":42}},"7":{"start":{"line":14,"column":2},"end":{"line":14,"column":37}},"8":{"start":{"line":15,"column":2},"end":{"line":15,"column":45}},"9":{"start":{"line":17,"column":2},"end":{"line":24,"column":9}},"10":{"start":{"line":25,"column":2},"end":{"line":32,"column":9}},"11":{"start":{"line":33,"column":2},"end":{"line":40,"column":9}},"12":{"start":{"line":41,"column":4},"end":{"line":48,"column":9}},"13":{"start":{"line":50,"column":2},"end":{"line":57,"column":5}},"14":{"start":{"line":58,"column":2},"end":{"line":65,"column":5}},"15":{"start":{"line":66,"column":2},"end":{"line":73,"column":5}},"16":{"start":{"line":75,"column":2},"end":{"line":80,"column":5}},"17":{"start":{"line":81,"column":2},"end":{"line":86,"column":5}},"18":{"start":{"line":87,"column":2},"end":{"line":92,"column":5}},"19":{"start":{"line":96,"column":2},"end":{"line":96,"column":26}},"20":{"start":{"line":100,"column":2},"end":{"line":100,"column":29}},"21":{"start":{"line":104,"column":2},"end":{"line":104,"column":17}},"22":{"start":{"line":108,"column":16},"end":{"line":108,"column":63}},"23":{"start":{"line":109,"column":16},"end":{"line":109,"column":62}},"24":{"start":{"line":112,"column":0},"end":{"line":119,"column":2}}},"fnMap":{"0":{"name":"commonBeforeAll","decl":{"start":{"line":9,"column":15},"end":{"line":9,"column":30}},"loc":{"start":{"line":9,"column":33},"end":{"line":93,"column":3}},"line":9},"1":{"name":"commonBeforeEach","decl":{"start":{"line":95,"column":15},"end":{"line":95,"column":31}},"loc":{"start":{"line":95,"column":34},"end":{"line":97,"column":1}},"line":95},"2":{"name":"commonAfterEach","decl":{"start":{"line":99,"column":15},"end":{"line":99,"column":30}},"loc":{"start":{"line":99,"column":33},"end":{"line":101,"column":1}},"line":99},"3":{"name":"commonAfterAll","decl":{"start":{"line":103,"column":15},"end":{"line":103,"column":29}},"loc":{"start":{"line":103,"column":32},"end":{"line":105,"column":1}},"line":103}},"branchMap":{},"s":{"0":4,"1":4,"2":4,"3":4,"4":4,"5":4,"6":4,"7":4,"8":4,"9":4,"10":4,"11":4,"12":4,"13":4,"14":4,"15":4,"16":4,"17":4,"18":4,"19":78,"20":78,"21":4,"22":4,"23":4,"24":4},"f":{"0":4,"1":78,"2":78,"3":4},"b":{},"_coverageSchema":"1a1c01bbd47fc00a2c39e90264f33305004495a9","hash":"60336f78b932b109167ca16ae957b46c4f46adac"}
,"/home/matt/Springboard/express-jobly-assignment/jobly/express-jobly/routes/auth.js": {"path":"/home/matt/Springboard/express-jobly-assignment/jobly/express-jobly/routes/auth.js","statementMap":{"0":{"start":{"line":5,"column":19},"end":{"line":5,"column":40}},"1":{"start":{"line":7,"column":13},"end":{"line":7,"column":38}},"2":{"start":{"line":8,"column":16},"end":{"line":8,"column":34}},"3":{"start":{"line":9,"column":15},"end":{"line":9,"column":35}},"4":{"start":{"line":10,"column":24},"end":{"line":10,"column":52}},"5":{"start":{"line":11,"column":23},"end":{"line":11,"column":58}},"6":{"start":{"line":12,"column":27},"end":{"line":12,"column":66}},"7":{"start":{"line":13,"column":28},"end":{"line":13,"column":54}},"8":{"start":{"line":22,"column":0},"end":{"line":37,"column":3}},"9":{"start":{"line":23,"column":2},"end":{"line":36,"column":3}},"10":{"start":{"line":24,"column":22},"end":{"line":24,"column":67}},"11":{"start":{"line":25,"column":4},"end":{"line":28,"column":5}},"12":{"start":{"line":26,"column":19},"end":{"line":26,"column":53}},"13":{"start":{"line":26,"column":45},"end":{"line":26,"column":52}},"14":{"start":{"line":27,"column":6},"end":{"line":27,"column":38}},"15":{"start":{"line":30,"column":35},"end":{"line":30,"column":43}},"16":{"start":{"line":31,"column":17},"end":{"line":31,"column":60}},"17":{"start":{"line":32,"column":18},"end":{"line":32,"column":35}},"18":{"start":{"line":33,"column":4},"end":{"line":33,"column":31}},"19":{"start":{"line":35,"column":4},"end":{"line":35,"column":21}},"20":{"start":{"line":49,"column":0},"end":{"line":63,"column":3}},"21":{"start":{"line":50,"column":2},"end":{"line":62,"column":3}},"22":{"start":{"line":51,"column":22},"end":{"line":51,"column":71}},"23":{"start":{"line":52,"column":4},"end":{"line":55,"column":5}},"24":{"start":{"line":53,"column":19},"end":{"line":53,"column":53}},"25":{"start":{"line":53,"column":45},"end":{"line":53,"column":52}},"26":{"start":{"line":54,"column":6},"end":{"line":54,"column":38}},"27":{"start":{"line":57,"column":20},"end":{"line":57,"column":72}},"28":{"start":{"line":58,"column":18},"end":{"line":58,"column":38}},"29":{"start":{"line":59,"column":4},"end":{"line":59,"column":43}},"30":{"start":{"line":61,"column":4},"end":{"line":61,"column":21}},"31":{"start":{"line":66,"column":0},"end":{"line":66,"column":24}}},"fnMap":{"0":{"name":"(anonymous_0)","decl":{"start":{"line":22,"column":22},"end":{"line":22,"column":23}},"loc":{"start":{"line":22,"column":54},"end":{"line":37,"column":1}},"line":22},"1":{"name":"(anonymous_1)","decl":{"start":{"line":26,"column":40},"end":{"line":26,"column":41}},"loc":{"start":{"line":26,"column":45},"end":{"line":26,"column":52}},"line":26},"2":{"name":"(anonymous_2)","decl":{"start":{"line":49,"column":25},"end":{"line":49,"column":26}},"loc":{"start":{"line":49,"column":57},"end":{"line":63,"column":1}},"line":49},"3":{"name":"(anonymous_3)","decl":{"start":{"line":53,"column":40},"end":{"line":53,"column":41}},"loc":{"start":{"line":53,"column":45},"end":{"line":53,"column":52}},"line":53}},"branchMap":{"0":{"loc":{"start":{"line":25,"column":4},"end":{"line":28,"column":5}},"type":"if","locations":[{"start":{"line":25,"column":4},"end":{"line":28,"column":5}},{"start":{},"end":{}}],"line":25},"1":{"loc":{"start":{"line":52,"column":4},"end":{"line":55,"column":5}},"type":"if","locations":[{"start":{"line":52,"column":4},"end":{"line":55,"column":5}},{"start":{},"end":{}}],"line":52}},"s":{"0":5,"1":5,"2":5,"3":5,"4":5,"5":5,"6":5,"7":5,"8":5,"9":5,"10":5,"11":5,"12":2,"13":2,"14":2,"15":3,"16":3,"17":1,"18":1,"19":4,"20":5,"21":3,"22":3,"23":3,"24":2,"25":5,"26":2,"27":1,"28":1,"29":1,"30":2,"31":5},"f":{"0":5,"1":2,"2":3,"3":5},"b":{"0":[2,3],"1":[2,1]},"_coverageSchema":"1a1c01bbd47fc00a2c39e90264f33305004495a9","hash":"c7316727bbff1aed9f3e32cbb6195ae89f4ded6c"}
,"/home/matt/Springboard/express-jobly-assignment/jobly/express-jobly/routes/companies.js": {"path":"/home/matt/Springboard/express-jobly-assignment/jobly/express-jobly/routes/companies.js","statementMap":{"0":{"start":{"line":5,"column":19},"end":{"line":5,"column":40}},"1":{"start":{"line":6,"column":16},"end":{"line":6,"column":34}},"2":{"start":{"line":8,"column":28},"end":{"line":8,"column":54}},"3":{"start":{"line":9,"column":44},"end":{"line":9,"column":73}},"4":{"start":{"line":10,"column":16},"end":{"line":10,"column":44}},"5":{"start":{"line":12,"column":25},"end":{"line":12,"column":62}},"6":{"start":{"line":13,"column":28},"end":{"line":13,"column":68}},"7":{"start":{"line":14,"column":12},"end":{"line":14,"column":36}},"8":{"start":{"line":16,"column":15},"end":{"line":16,"column":35}},"9":{"start":{"line":28,"column":0},"end":{"line":41,"column":3}},"10":{"start":{"line":29,"column":2},"end":{"line":40,"column":3}},"11":{"start":{"line":30,"column":22},"end":{"line":30,"column":69}},"12":{"start":{"line":31,"column":4},"end":{"line":34,"column":5}},"13":{"start":{"line":32,"column":19},"end":{"line":32,"column":53}},"14":{"start":{"line":32,"column":45},"end":{"line":32,"column":52}},"15":{"start":{"line":33,"column":6},"end":{"line":33,"column":38}},"16":{"start":{"line":36,"column":20},"end":{"line":36,"column":50}},"17":{"start":{"line":37,"column":4},"end":{"line":37,"column":45}},"18":{"start":{"line":39,"column":4},"end":{"line":39,"column":21}},"19":{"start":{"line":54,"column":0},"end":{"line":78,"column":3}},"20":{"start":{"line":55,"column":2},"end":{"line":77,"column":3}},"21":{"start":{"line":56,"column":23},"end":{"line":56,"column":37}},"22":{"start":{"line":57,"column":25},"end":{"line":57,"column":57}},"23":{"start":{"line":58,"column":25},"end":{"line":58,"column":57}},"24":{"start":{"line":59,"column":4},"end":{"line":61,"column":5}},"25":{"start":{"line":60,"column":6},"end":{"line":60,"column":88}},"26":{"start":{"line":64,"column":4},"end":{"line":69,"column":5}},"27":{"start":{"line":65,"column":6},"end":{"line":65,"column":55}},"28":{"start":{"line":68,"column":6},"end":{"line":68,"column":42}},"29":{"start":{"line":71,"column":4},"end":{"line":73,"column":5}},"30":{"start":{"line":72,"column":6},"end":{"line":72,"column":82}},"31":{"start":{"line":74,"column":4},"end":{"line":74,"column":35}},"32":{"start":{"line":76,"column":4},"end":{"line":76,"column":21}},"33":{"start":{"line":88,"column":0},"end":{"line":96,"column":3}},"34":{"start":{"line":89,"column":2},"end":{"line":95,"column":3}},"35":{"start":{"line":90,"column":20},"end":{"line":90,"column":56}},"36":{"start":{"line":91,"column":17},"end":{"line":91,"column":64}},"37":{"start":{"line":92,"column":4},"end":{"line":92,"column":52}},"38":{"start":{"line":94,"column":4},"end":{"line":94,"column":21}},"39":{"start":{"line":109,"column":0},"end":{"line":122,"column":3}},"40":{"start":{"line":110,"column":2},"end":{"line":121,"column":3}},"41":{"start":{"line":111,"column":22},"end":{"line":111,"column":72}},"42":{"start":{"line":112,"column":4},"end":{"line":115,"column":5}},"43":{"start":{"line":113,"column":19},"end":{"line":113,"column":53}},"44":{"start":{"line":113,"column":45},"end":{"line":113,"column":52}},"45":{"start":{"line":114,"column":6},"end":{"line":114,"column":38}},"46":{"start":{"line":117,"column":20},"end":{"line":117,"column":69}},"47":{"start":{"line":118,"column":4},"end":{"line":118,"column":33}},"48":{"start":{"line":120,"column":4},"end":{"line":120,"column":21}},"49":{"start":{"line":129,"column":0},"end":{"line":136,"column":3}},"50":{"start":{"line":130,"column":2},"end":{"line":135,"column":3}},"51":{"start":{"line":131,"column":4},"end":{"line":131,"column":44}},"52":{"start":{"line":132,"column":4},"end":{"line":132,"column":52}},"53":{"start":{"line":134,"column":4},"end":{"line":134,"column":21}},"54":{"start":{"line":139,"column":0},"end":{"line":139,"column":24}}},"fnMap":{"0":{"name":"(anonymous_0)","decl":{"start":{"line":28,"column":34},"end":{"line":28,"column":35}},"loc":{"start":{"line":28,"column":66},"end":{"line":41,"column":1}},"line":28},"1":{"name":"(anonymous_1)","decl":{"start":{"line":32,"column":40},"end":{"line":32,"column":41}},"loc":{"start":{"line":32,"column":45},"end":{"line":32,"column":52}},"line":32},"2":{"name":"(anonymous_2)","decl":{"start":{"line":54,"column":16},"end":{"line":54,"column":17}},"loc":{"start":{"line":54,"column":48},"end":{"line":78,"column":1}},"line":54},"3":{"name":"(anonymous_3)","decl":{"start":{"line":88,"column":23},"end":{"line":88,"column":24}},"loc":{"start":{"line":88,"column":55},"end":{"line":96,"column":1}},"line":88},"4":{"name":"(anonymous_4)","decl":{"start":{"line":109,"column":42},"end":{"line":109,"column":43}},"loc":{"start":{"line":109,"column":74},"end":{"line":122,"column":1}},"line":109},"5":{"name":"(anonymous_5)","decl":{"start":{"line":113,"column":40},"end":{"line":113,"column":41}},"loc":{"start":{"line":113,"column":45},"end":{"line":113,"column":52}},"line":113},"6":{"name":"(anonymous_6)","decl":{"start":{"line":129,"column":43},"end":{"line":129,"column":44}},"loc":{"start":{"line":129,"column":75},"end":{"line":136,"column":1}},"line":129}},"branchMap":{"0":{"loc":{"start":{"line":31,"column":4},"end":{"line":34,"column":5}},"type":"if","locations":[{"start":{"line":31,"column":4},"end":{"line":34,"column":5}},{"start":{},"end":{}}],"line":31},"1":{"loc":{"start":{"line":59,"column":4},"end":{"line":61,"column":5}},"type":"if","locations":[{"start":{"line":59,"column":4},"end":{"line":61,"column":5}},{"start":{},"end":{}}],"line":59},"2":{"loc":{"start":{"line":59,"column":7},"end":{"line":59,"column":82}},"type":"binary-expr","locations":[{"start":{"line":59,"column":7},"end":{"line":59,"column":27}},{"start":{"line":59,"column":31},"end":{"line":59,"column":51}},{"start":{"line":59,"column":55},"end":{"line":59,"column":82}}],"line":59},"3":{"loc":{"start":{"line":64,"column":4},"end":{"line":69,"column":5}},"type":"if","locations":[{"start":{"line":64,"column":4},"end":{"line":69,"column":5}},{"start":{"line":67,"column":8},"end":{"line":69,"column":5}}],"line":64},"4":{"loc":{"start":{"line":71,"column":4},"end":{"line":73,"column":5}},"type":"if","locations":[{"start":{"line":71,"column":4},"end":{"line":73,"column":5}},{"start":{},"end":{}}],"line":71},"5":{"loc":{"start":{"line":71,"column":8},"end":{"line":71,"column":52}},"type":"binary-expr","locations":[{"start":{"line":71,"column":8},"end":{"line":71,"column":28}},{"start":{"line":71,"column":32},"end":{"line":71,"column":52}}],"line":71},"6":{"loc":{"start":{"line":112,"column":4},"end":{"line":115,"column":5}},"type":"if","locations":[{"start":{"line":112,"column":4},"end":{"line":115,"column":5}},{"start":{},"end":{}}],"line":112}},"s":{"0":5,"1":5,"2":5,"3":5,"4":5,"5":5,"6":5,"7":5,"8":5,"9":5,"10":3,"11":3,"12":3,"13":2,"14":3,"15":2,"16":1,"17":1,"18":2,"19":5,"20":5,"21":5,"22":5,"23":5,"24":5,"25":0,"26":5,"27":1,"28":4,"29":4,"30":2,"31":4,"32":1,"33":5,"34":3,"35":3,"36":2,"37":2,"38":1,"39":5,"40":4,"41":4,"42":4,"43":2,"44":2,"45":2,"46":2,"47":1,"48":3,"49":5,"50":2,"51":2,"52":1,"53":1,"54":5},"f":{"0":3,"1":3,"2":5,"3":3,"4":4,"5":2,"6":2},"b":{"0":[2,1],"1":[0,5],"2":[5,1,0],"3":[1,4],"4":[2,2],"5":[4,3],"6":[2,2]},"_coverageSchema":"1a1c01bbd47fc00a2c39e90264f33305004495a9","hash":"c4146f72e57a93f8f35cb03387bbafc90c88f651"}
,"/home/matt/Springboard/express-jobly-assignment/jobly/express-jobly/routes/jobs.js": {"path":"/home/matt/Springboard/express-jobly-assignment/jobly/express-jobly/routes/jobs.js","statementMap":{"0":{"start":{"line":5,"column":19},"end":{"line":5,"column":40}},"1":{"start":{"line":6,"column":16},"end":{"line":6,"column":34}},"2":{"start":{"line":8,"column":28},"end":{"line":8,"column":54}},"3":{"start":{"line":9,"column":44},"end":{"line":9,"column":73}},"4":{"start":{"line":10,"column":12},"end":{"line":10,"column":36}},"5":{"start":{"line":12,"column":21},"end":{"line":12,"column":54}},"6":{"start":{"line":13,"column":24},"end":{"line":13,"column":60}},"7":{"start":{"line":15,"column":15},"end":{"line":15,"column":35}},"8":{"start":{"line":27,"column":0},"end":{"line":40,"column":3}},"9":{"start":{"line":28,"column":2},"end":{"line":39,"column":3}},"10":{"start":{"line":29,"column":22},"end":{"line":29,"column":65}},"11":{"start":{"line":30,"column":4},"end":{"line":33,"column":5}},"12":{"start":{"line":31,"column":19},"end":{"line":31,"column":53}},"13":{"start":{"line":31,"column":45},"end":{"line":31,"column":52}},"14":{"start":{"line":32,"column":6},"end":{"line":32,"column":38}},"15":{"start":{"line":35,"column":16},"end":{"line":35,"column":42}},"16":{"start":{"line":36,"column":4},"end":{"line":36,"column":41}},"17":{"start":{"line":38,"column":4},"end":{"line":38,"column":21}},"18":{"start":{"line":53,"column":0},"end":{"line":80,"column":3}},"19":{"start":{"line":54,"column":2},"end":{"line":79,"column":3}},"20":{"start":{"line":55,"column":24},"end":{"line":55,"column":39}},"21":{"start":{"line":56,"column":25},"end":{"line":56,"column":51}},"22":{"start":{"line":57,"column":25},"end":{"line":57,"column":67}},"23":{"start":{"line":59,"column":4},"end":{"line":75,"column":5}},"24":{"start":{"line":60,"column":8},"end":{"line":60,"column":81}},"25":{"start":{"line":61,"column":10},"end":{"line":75,"column":5}},"26":{"start":{"line":62,"column":8},"end":{"line":62,"column":78}},"27":{"start":{"line":63,"column":10},"end":{"line":75,"column":5}},"28":{"start":{"line":64,"column":8},"end":{"line":64,"column":61}},"29":{"start":{"line":65,"column":10},"end":{"line":75,"column":5}},"30":{"start":{"line":66,"column":8},"end":{"line":66,"column":66}},"31":{"start":{"line":67,"column":10},"end":{"line":75,"column":5}},"32":{"start":{"line":68,"column":8},"end":{"line":68,"column":52}},"33":{"start":{"line":69,"column":10},"end":{"line":75,"column":5}},"34":{"start":{"line":70,"column":8},"end":{"line":70,"column":57}},"35":{"start":{"line":71,"column":10},"end":{"line":75,"column":5}},"36":{"start":{"line":72,"column":8},"end":{"line":72,"column":43}},"37":{"start":{"line":74,"column":8},"end":{"line":74,"column":34}},"38":{"start":{"line":76,"column":4},"end":{"line":76,"column":30}},"39":{"start":{"line":78,"column":4},"end":{"line":78,"column":21}},"40":{"start":{"line":89,"column":0},"end":{"line":96,"column":3}},"41":{"start":{"line":90,"column":2},"end":{"line":95,"column":3}},"42":{"start":{"line":91,"column":16},"end":{"line":91,"column":44}},"43":{"start":{"line":92,"column":4},"end":{"line":92,"column":29}},"44":{"start":{"line":94,"column":4},"end":{"line":94,"column":21}},"45":{"start":{"line":109,"column":0},"end":{"line":122,"column":3}},"46":{"start":{"line":110,"column":2},"end":{"line":121,"column":3}},"47":{"start":{"line":111,"column":22},"end":{"line":111,"column":68}},"48":{"start":{"line":112,"column":4},"end":{"line":115,"column":5}},"49":{"start":{"line":113,"column":19},"end":{"line":113,"column":53}},"50":{"start":{"line":113,"column":45},"end":{"line":113,"column":52}},"51":{"start":{"line":114,"column":6},"end":{"line":114,"column":38}},"52":{"start":{"line":117,"column":16},"end":{"line":117,"column":57}},"53":{"start":{"line":118,"column":4},"end":{"line":118,"column":29}},"54":{"start":{"line":120,"column":4},"end":{"line":120,"column":21}},"55":{"start":{"line":129,"column":0},"end":{"line":136,"column":3}},"56":{"start":{"line":130,"column":2},"end":{"line":135,"column":3}},"57":{"start":{"line":131,"column":4},"end":{"line":131,"column":36}},"58":{"start":{"line":132,"column":4},"end":{"line":132,"column":59}},"59":{"start":{"line":134,"column":4},"end":{"line":134,"column":21}},"60":{"start":{"line":139,"column":0},"end":{"line":139,"column":24}}},"fnMap":{"0":{"name":"(anonymous_0)","decl":{"start":{"line":27,"column":34},"end":{"line":27,"column":35}},"loc":{"start":{"line":27,"column":66},"end":{"line":40,"column":1}},"line":27},"1":{"name":"(anonymous_1)","decl":{"start":{"line":31,"column":40},"end":{"line":31,"column":41}},"loc":{"start":{"line":31,"column":45},"end":{"line":31,"column":52}},"line":31},"2":{"name":"(anonymous_2)","decl":{"start":{"line":53,"column":32},"end":{"line":53,"column":33}},"loc":{"start":{"line":53,"column":64},"end":{"line":80,"column":1}},"line":53},"3":{"name":"(anonymous_3)","decl":{"start":{"line":89,"column":35},"end":{"line":89,"column":36}},"loc":{"start":{"line":89,"column":67},"end":{"line":96,"column":1}},"line":89},"4":{"name":"(anonymous_4)","decl":{"start":{"line":109,"column":38},"end":{"line":109,"column":39}},"loc":{"start":{"line":109,"column":70},"end":{"line":122,"column":1}},"line":109},"5":{"name":"(anonymous_5)","decl":{"start":{"line":113,"column":40},"end":{"line":113,"column":41}},"loc":{"start":{"line":113,"column":45},"end":{"line":113,"column":52}},"line":113},"6":{"name":"(anonymous_6)","decl":{"start":{"line":129,"column":39},"end":{"line":129,"column":40}},"loc":{"start":{"line":129,"column":71},"end":{"line":136,"column":1}},"line":129}},"branchMap":{"0":{"loc":{"start":{"line":30,"column":4},"end":{"line":33,"column":5}},"type":"if","locations":[{"start":{"line":30,"column":4},"end":{"line":33,"column":5}},{"start":{},"end":{}}],"line":30},"1":{"loc":{"start":{"line":57,"column":25},"end":{"line":57,"column":67}},"type":"cond-expr","locations":[{"start":{"line":57,"column":55},"end":{"line":57,"column":59}},{"start":{"line":57,"column":62},"end":{"line":57,"column":67}}],"line":57},"2":{"loc":{"start":{"line":59,"column":4},"end":{"line":75,"column":5}},"type":"if","locations":[{"start":{"line":59,"column":4},"end":{"line":75,"column":5}},{"start":{"line":61,"column":10},"end":{"line":75,"column":5}}],"line":59},"3":{"loc":{"start":{"line":59,"column":7},"end":{"line":59,"column":50}},"type":"binary-expr","locations":[{"start":{"line":59,"column":7},"end":{"line":59,"column":18}},{"start":{"line":59,"column":22},"end":{"line":59,"column":34}},{"start":{"line":59,"column":38},"end":{"line":59,"column":50}}],"line":59},"4":{"loc":{"start":{"line":61,"column":10},"end":{"line":75,"column":5}},"type":"if","locations":[{"start":{"line":61,"column":10},"end":{"line":75,"column":5}},{"start":{"line":63,"column":10},"end":{"line":75,"column":5}}],"line":61},"5":{"loc":{"start":{"line":61,"column":13},"end":{"line":61,"column":40}},"type":"binary-expr","locations":[{"start":{"line":61,"column":13},"end":{"line":61,"column":24}},{"start":{"line":61,"column":28},"end":{"line":61,"column":40}}],"line":61},"6":{"loc":{"start":{"line":63,"column":10},"end":{"line":75,"column":5}},"type":"if","locations":[{"start":{"line":63,"column":10},"end":{"line":75,"column":5}},{"start":{"line":65,"column":10},"end":{"line":75,"column":5}}],"line":63},"7":{"loc":{"start":{"line":63,"column":13},"end":{"line":63,"column":40}},"type":"binary-expr","locations":[{"start":{"line":63,"column":13},"end":{"line":63,"column":24}},{"start":{"line":63,"column":28},"end":{"line":63,"column":40}}],"line":63},"8":{"loc":{"start":{"line":65,"column":10},"end":{"line":75,"column":5}},"type":"if","locations":[{"start":{"line":65,"column":10},"end":{"line":75,"column":5}},{"start":{"line":67,"column":10},"end":{"line":75,"column":5}}],"line":65},"9":{"loc":{"start":{"line":65,"column":13},"end":{"line":65,"column":41}},"type":"binary-expr","locations":[{"start":{"line":65,"column":13},"end":{"line":65,"column":25}},{"start":{"line":65,"column":29},"end":{"line":65,"column":41}}],"line":65},"10":{"loc":{"start":{"line":67,"column":10},"end":{"line":75,"column":5}},"type":"if","locations":[{"start":{"line":67,"column":10},"end":{"line":75,"column":5}},{"start":{"line":69,"column":10},"end":{"line":75,"column":5}}],"line":67},"11":{"loc":{"start":{"line":69,"column":10},"end":{"line":75,"column":5}},"type":"if","locations":[{"start":{"line":69,"column":10},"end":{"line":75,"column":5}},{"start":{"line":71,"column":10},"end":{"line":75,"column":5}}],"line":69},"12":{"loc":{"start":{"line":71,"column":10},"end":{"line":75,"column":5}},"type":"if","locations":[{"start":{"line":71,"column":10},"end":{"line":75,"column":5}},{"start":{"line":73,"column":13},"end":{"line":75,"column":5}}],"line":71},"13":{"loc":{"start":{"line":112,"column":4},"end":{"line":115,"column":5}},"type":"if","locations":[{"start":{"line":112,"column":4},"end":{"line":115,"column":5}},{"start":{},"end":{}}],"line":112}},"s":{"0":5,"1":5,"2":5,"3":5,"4":5,"5":5,"6":5,"7":5,"8":5,"9":2,"10":2,"11":2,"12":1,"13":1,"14":1,"15":1,"16":1,"17":1,"18":5,"19":8,"20":8,"21":8,"22":8,"23":8,"24":1,"25":7,"26":1,"27":6,"28":1,"29":5,"30":1,"31":4,"32":1,"33":3,"34":1,"35":2,"36":1,"37":1,"38":8,"39":0,"40":5,"41":2,"42":2,"43":1,"44":1,"45":5,"46":3,"47":3,"48":3,"49":1,"50":1,"51":1,"52":2,"53":1,"54":2,"55":5,"56":2,"57":2,"58":1,"59":1,"60":5},"f":{"0":2,"1":1,"2":8,"3":2,"4":3,"5":1,"6":2},"b":{"0":[1,1],"1":[4,4],"2":[1,7],"3":[8,4,2],"4":[1,6],"5":[7,3],"6":[1,5],"7":[6,2],"8":[1,4],"9":[5,2],"10":[1,3],"11":[1,2],"12":[1,1],"13":[1,2]},"_coverageSchema":"1a1c01bbd47fc00a2c39e90264f33305004495a9","hash":"a5d554ad00688669e469de04718f2440268543c1"}
,"/home/matt/Springboard/express-jobly-assignment/jobly/express-jobly/routes/users.js": {"path":"/home/matt/Springboard/express-jobly-assignment/jobly/express-jobly/routes/users.js","statementMap":{"0":{"start":{"line":5,"column":19},"end":{"line":5,"column":40}},"1":{"start":{"line":7,"column":16},"end":{"line":7,"column":34}},"2":{"start":{"line":8,"column":69},"end":{"line":8,"column":98}},"3":{"start":{"line":9,"column":28},"end":{"line":9,"column":54}},"4":{"start":{"line":10,"column":13},"end":{"line":10,"column":38}},"5":{"start":{"line":11,"column":24},"end":{"line":11,"column":52}},"6":{"start":{"line":12,"column":22},"end":{"line":12,"column":56}},"7":{"start":{"line":13,"column":25},"end":{"line":13,"column":62}},"8":{"start":{"line":14,"column":11},"end":{"line":14,"column":27}},"9":{"start":{"line":16,"column":15},"end":{"line":16,"column":31}},"10":{"start":{"line":31,"column":0},"end":{"line":45,"column":3}},"11":{"start":{"line":32,"column":2},"end":{"line":44,"column":3}},"12":{"start":{"line":33,"column":22},"end":{"line":33,"column":66}},"13":{"start":{"line":34,"column":4},"end":{"line":37,"column":5}},"14":{"start":{"line":35,"column":19},"end":{"line":35,"column":53}},"15":{"start":{"line":35,"column":45},"end":{"line":35,"column":52}},"16":{"start":{"line":36,"column":6},"end":{"line":36,"column":38}},"17":{"start":{"line":39,"column":17},"end":{"line":39,"column":46}},"18":{"start":{"line":40,"column":18},"end":{"line":40,"column":35}},"19":{"start":{"line":41,"column":4},"end":{"line":41,"column":49}},"20":{"start":{"line":43,"column":4},"end":{"line":43,"column":21}},"21":{"start":{"line":55,"column":0},"end":{"line":62,"column":3}},"22":{"start":{"line":56,"column":2},"end":{"line":61,"column":3}},"23":{"start":{"line":57,"column":18},"end":{"line":57,"column":38}},"24":{"start":{"line":58,"column":4},"end":{"line":58,"column":31}},"25":{"start":{"line":60,"column":4},"end":{"line":60,"column":21}},"26":{"start":{"line":72,"column":0},"end":{"line":79,"column":3}},"27":{"start":{"line":73,"column":2},"end":{"line":78,"column":3}},"28":{"start":{"line":74,"column":17},"end":{"line":74,"column":52}},"29":{"start":{"line":75,"column":4},"end":{"line":75,"column":30}},"30":{"start":{"line":77,"column":4},"end":{"line":77,"column":21}},"31":{"start":{"line":92,"column":0},"end":{"line":105,"column":3}},"32":{"start":{"line":93,"column":2},"end":{"line":104,"column":3}},"33":{"start":{"line":94,"column":22},"end":{"line":94,"column":69}},"34":{"start":{"line":95,"column":4},"end":{"line":98,"column":5}},"35":{"start":{"line":96,"column":19},"end":{"line":96,"column":53}},"36":{"start":{"line":96,"column":45},"end":{"line":96,"column":52}},"37":{"start":{"line":97,"column":6},"end":{"line":97,"column":38}},"38":{"start":{"line":100,"column":17},"end":{"line":100,"column":65}},"39":{"start":{"line":101,"column":4},"end":{"line":101,"column":30}},"40":{"start":{"line":103,"column":4},"end":{"line":103,"column":21}},"41":{"start":{"line":113,"column":0},"end":{"line":120,"column":3}},"42":{"start":{"line":114,"column":2},"end":{"line":119,"column":3}},"43":{"start":{"line":115,"column":4},"end":{"line":115,"column":43}},"44":{"start":{"line":116,"column":4},"end":{"line":116,"column":54}},"45":{"start":{"line":118,"column":4},"end":{"line":118,"column":21}},"46":{"start":{"line":131,"column":0},"end":{"line":138,"column":2}},"47":{"start":{"line":132,"column":2},"end":{"line":137,"column":3}},"48":{"start":{"line":133,"column":24},"end":{"line":133,"column":82}},"49":{"start":{"line":134,"column":4},"end":{"line":134,"column":45}},"50":{"start":{"line":136,"column":6},"end":{"line":136,"column":22}},"51":{"start":{"line":141,"column":0},"end":{"line":141,"column":24}}},"fnMap":{"0":{"name":"(anonymous_0)","decl":{"start":{"line":31,"column":34},"end":{"line":31,"column":35}},"loc":{"start":{"line":31,"column":66},"end":{"line":45,"column":1}},"line":31},"1":{"name":"(anonymous_1)","decl":{"start":{"line":35,"column":40},"end":{"line":35,"column":41}},"loc":{"start":{"line":35,"column":45},"end":{"line":35,"column":52}},"line":35},"2":{"name":"(anonymous_2)","decl":{"start":{"line":55,"column":33},"end":{"line":55,"column":34}},"loc":{"start":{"line":55,"column":65},"end":{"line":62,"column":1}},"line":55},"3":{"name":"(anonymous_3)","decl":{"start":{"line":72,"column":50},"end":{"line":72,"column":51}},"loc":{"start":{"line":72,"column":82},"end":{"line":79,"column":1}},"line":72},"4":{"name":"(anonymous_4)","decl":{"start":{"line":92,"column":52},"end":{"line":92,"column":53}},"loc":{"start":{"line":92,"column":84},"end":{"line":105,"column":1}},"line":92},"5":{"name":"(anonymous_5)","decl":{"start":{"line":96,"column":40},"end":{"line":96,"column":41}},"loc":{"start":{"line":96,"column":45},"end":{"line":96,"column":52}},"line":96},"6":{"name":"(anonymous_6)","decl":{"start":{"line":113,"column":53},"end":{"line":113,"column":54}},"loc":{"start":{"line":113,"column":85},"end":{"line":120,"column":1}},"line":113},"7":{"name":"(anonymous_7)","decl":{"start":{"line":131,"column":60},"end":{"line":131,"column":61}},"loc":{"start":{"line":131,"column":86},"end":{"line":138,"column":1}},"line":131}},"branchMap":{"0":{"loc":{"start":{"line":34,"column":4},"end":{"line":37,"column":5}},"type":"if","locations":[{"start":{"line":34,"column":4},"end":{"line":37,"column":5}},{"start":{},"end":{}}],"line":34},"1":{"loc":{"start":{"line":95,"column":4},"end":{"line":98,"column":5}},"type":"if","locations":[{"start":{"line":95,"column":4},"end":{"line":98,"column":5}},{"start":{},"end":{}}],"line":95}},"s":{"0":5,"1":5,"2":5,"3":5,"4":5,"5":5,"6":5,"7":5,"8":5,"9":5,"10":5,"11":4,"12":4,"13":4,"14":2,"15":5,"16":2,"17":2,"18":2,"19":2,"20":2,"21":5,"22":2,"23":2,"24":1,"25":1,"26":5,"27":3,"28":3,"29":2,"30":1,"31":5,"32":5,"33":5,"34":5,"35":1,"36":1,"37":1,"38":4,"39":3,"40":2,"41":5,"42":3,"43":3,"44":2,"45":1,"46":5,"47":1,"48":1,"49":1,"50":0,"51":5},"f":{"0":4,"1":5,"2":2,"3":3,"4":5,"5":1,"6":3,"7":1},"b":{"0":[2,2],"1":[1,4]},"_coverageSchema":"1a1c01bbd47fc00a2c39e90264f33305004495a9","hash":"dcceef4ffee6a2bd7d5f2659bf3290b4f3bcd501"}
}
