TN:
SF:app.js
FN:32,(anonymous_0)
FN:37,(anonymous_1)
FNF:2
FNH:2
FNDA:2,(anonymous_0)
FNDA:46,(anonymous_1)
DA:5,5
DA:6,5
DA:8,5
DA:10,5
DA:11,5
DA:12,5
DA:13,5
DA:14,5
DA:16,5
DA:18,5
DA:20,5
DA:21,5
DA:22,5
DA:23,5
DA:25,5
DA:26,5
DA:27,5
DA:28,5
DA:32,5
DA:33,2
DA:37,5
DA:38,46
DA:39,46
DA:40,46
DA:42,46
DA:47,5
LF:26
LH:26
BRDA:38,0,0,1
BRDA:38,0,1,45
BRDA:39,1,0,46
BRDA:39,1,1,2
BRF:4
BRH:4
end_of_record
TN:
SF:config.js
FN:13,getDatabaseName
FNF:1
FNH:1
FNDA:22,getDatabaseName
DA:5,11
DA:6,11
DA:8,11
DA:10,11
DA:14,22
DA:22,11
DA:24,11
DA:25,11
DA:26,11
DA:27,11
DA:28,11
DA:29,11
DA:31,11
LF:13
LH:13
BRDA:8,0,0,11
BRDA:8,0,1,10
BRDA:10,1,0,11
BRDA:10,1,1,10
BRDA:14,2,0,19
BRDA:14,2,1,3
BRDA:16,3,0,3
BRDA:16,3,1,1
BRDA:22,4,0,10
BRDA:22,4,1,1
BRF:10
BRH:10
end_of_record
TN:
SF:db.js
FNF:0
FNH:0
DA:3,8
DA:4,8
DA:5,8
DA:8,8
DA:16,8
DA:18,8
LF:6
LH:6
BRF:0
BRH:0
end_of_record
TN:
SF:expressError.js
FN:8,(anonymous_0)
FN:18,(anonymous_1)
FN:26,(anonymous_2)
FN:34,(anonymous_3)
FN:42,(anonymous_4)
FNF:5
FNH:4
FNDA:63,(anonymous_0)
FNDA:19,(anonymous_1)
FNDA:23,(anonymous_2)
FNDA:21,(anonymous_3)
FNDA:0,(anonymous_4)
DA:9,63
DA:10,63
DA:11,63
DA:19,19
DA:27,23
DA:35,21
DA:43,0
DA:47,10
LF:8
LH:7
BRDA:18,0,0,2
BRDA:26,1,0,19
BRDA:34,2,0,0
BRDA:42,3,0,0
BRF:4
BRH:2
end_of_record
TN:
SF:helpers/sql.js
FN:12,sqlForPartialUpdate
FN:18,(anonymous_1)
FNF:2
FNH:2
FNDA:23,sqlForPartialUpdate
FNDA:36,(anonymous_1)
DA:1,9
DA:13,23
DA:14,23
DA:15,19
DA:16,18
DA:18,18
DA:19,36
DA:21,18
DA:27,9
LF:9
LH:9
BRDA:14,0,0,4
BRDA:14,0,1,19
BRDA:15,1,0,1
BRDA:15,1,1,18
BRDA:16,2,0,18
BRDA:16,2,1,1
BRDA:19,3,0,36
BRDA:19,3,1,13
BRF:8
BRH:8
end_of_record
TN:
SF:helpers/tokens.js
FN:6,createToken
FNF:1
FNH:1
FNDA:15,createToken
DA:1,6
DA:2,6
DA:7,15
DA:10,15
DA:15,15
DA:18,6
LF:6
LH:6
BRDA:12,0,0,15
BRDA:12,0,1,9
BRF:2
BRH:2
end_of_record
TN:
SF:middleware/auth.js
FN:18,authenticateJWT
FN:36,ensureLoggedIn
FN:50,ensureAdminUser
FN:71,ensureUserAuthorization
FNF:4
FNH:4
FNDA:83,authenticateJWT
FNDA:14,ensureLoggedIn
FNDA:33,ensureAdminUser
FNDA:17,ensureUserAuthorization
DA:5,6
DA:6,6
DA:7,6
DA:19,83
DA:20,83
DA:21,83
DA:22,55
DA:23,55
DA:25,82
DA:27,1
DA:37,14
DA:38,14
DA:39,11
DA:41,3
DA:51,33
DA:52,33
DA:53,5
DA:54,5
DA:56,28
DA:57,6
DA:58,6
DA:60,22
DA:61,22
DA:63,11
DA:72,17
DA:73,17
DA:75,14
DA:76,14
DA:78,14
DA:80,2
DA:84,5
DA:88,6
LF:32
LH:32
BRDA:20,0,0,83
BRDA:20,0,1,82
BRDA:21,1,0,55
BRDA:21,1,1,28
BRDA:38,2,0,3
BRDA:38,2,1,11
BRDA:52,3,0,5
BRDA:52,3,1,28
BRDA:56,4,0,6
BRDA:56,4,1,22
BRDA:73,5,0,3
BRDA:73,5,1,14
BRDA:78,6,0,12
BRDA:78,6,1,2
BRDA:78,7,0,14
BRDA:78,7,1,8
BRF:16
BRH:16
end_of_record
TN:
SF:models/_testCommon.js
FN:6,commonBeforeAll
FN:41,commonBeforeEach
FN:45,commonAfterEach
FN:49,commonAfterAll
FNF:4
FNH:4
FNDA:3,commonBeforeAll
FNDA:38,commonBeforeEach
FNDA:38,commonAfterEach
FNDA:3,commonAfterAll
DA:1,3
DA:3,3
DA:4,3
DA:8,3
DA:10,3
DA:11,3
DA:13,3
DA:19,3
DA:33,3
DA:42,38
DA:46,38
DA:50,3
DA:54,3
LF:13
LH:13
BRF:0
BRH:0
end_of_record
TN:
SF:models/company.js
FN:19,(anonymous_0)
FN:52,(anonymous_1)
FN:72,(anonymous_2)
FN:96,(anonymous_3)
FN:117,(anonymous_4)
FN:151,(anonymous_5)
FN:181,(anonymous_6)
FNF:7
FNH:7
FNDA:20,(anonymous_0)
FNDA:5,(anonymous_1)
FNDA:5,(anonymous_2)
FNDA:1,(anonymous_3)
FNDA:2,(anonymous_4)
FNDA:6,(anonymous_5)
FNDA:4,(anonymous_6)
DA:3,6
DA:4,6
DA:5,6
DA:20,20
DA:26,20
DA:27,1
DA:29,19
DA:42,19
DA:44,19
DA:53,5
DA:61,4
DA:73,5
DA:83,5
DA:85,5
DA:87,3
DA:97,1
DA:107,1
DA:118,2
DA:124,2
DA:126,2
DA:127,1
DA:128,1
DA:130,2
DA:131,1
DA:132,1
DA:134,2
DA:135,2
DA:152,6
DA:158,5
DA:160,5
DA:168,5
DA:169,5
DA:171,5
DA:173,3
DA:182,4
DA:188,4
DA:190,4
DA:195,6
LF:38
LH:38
BRDA:26,0,0,1
BRDA:26,0,1,19
BRDA:85,1,0,2
BRDA:85,1,1,3
BRDA:126,2,0,1
BRDA:126,2,1,1
BRDA:130,3,0,1
BRDA:130,3,1,1
BRDA:131,4,0,0
BRDA:131,4,1,1
BRDA:171,5,0,2
BRDA:171,5,1,3
BRDA:190,6,0,2
BRDA:190,6,1,2
BRF:14
BRH:13
end_of_record
TN:
SF:models/job.js
FN:20,(anonymous_0)
FN:38,(anonymous_1)
FN:57,(anonymous_2)
FN:80,(anonymous_3)
FN:99,(anonymous_4)
FN:117,(anonymous_5)
FN:135,(anonymous_6)
FN:153,(anonymous_7)
FN:171,(anonymous_8)
FN:189,(anonymous_9)
FN:208,(anonymous_10)
FN:230,(anonymous_11)
FN:257,(anonymous_12)
FNF:13
FNH:13
FNDA:15,(anonymous_0)
FNDA:6,(anonymous_1)
FNDA:4,(anonymous_2)
FNDA:1,(anonymous_3)
FNDA:1,(anonymous_4)
FNDA:1,(anonymous_5)
FNDA:1,(anonymous_6)
FNDA:1,(anonymous_7)
FNDA:1,(anonymous_8)
FNDA:1,(anonymous_9)
FNDA:2,(anonymous_10)
FNDA:6,(anonymous_11)
FNDA:4,(anonymous_12)
DA:3,6
DA:4,6
DA:5,6
DA:6,6
DA:21,15
DA:28,15
DA:30,15
DA:39,6
DA:47,6
DA:58,4
DA:68,4
DA:70,4
DA:72,2
DA:81,1
DA:91,1
DA:100,1
DA:109,1
DA:118,1
DA:127,1
DA:136,1
DA:145,1
DA:154,1
DA:163,1
DA:172,1
DA:181,1
DA:190,1
DA:199,1
DA:209,2
DA:215,2
DA:231,6
DA:238,4
DA:240,4
DA:244,4
DA:245,4
DA:247,4
DA:249,3
DA:258,4
DA:264,4
DA:266,4
DA:271,6
LF:40
LH:40
BRDA:70,0,0,2
BRDA:70,0,1,2
BRDA:247,1,0,1
BRDA:247,1,1,3
BRDA:266,2,0,2
BRDA:266,2,1,2
BRF:6
BRH:6
end_of_record
TN:
SF:models/user.js
FN:24,(anonymous_0)
FN:59,(anonymous_1)
FN:105,(anonymous_2)
FN:130,(anonymous_3)
FN:169,(anonymous_4)
FN:202,(anonymous_5)
FN:221,(anonymous_6)
FNF:7
FNH:7
FNDA:7,(anonymous_0)
FNDA:19,(anonymous_1)
FNDA:3,(anonymous_2)
FNDA:5,(anonymous_3)
FNDA:8,(anonymous_4)
FNDA:5,(anonymous_5)
FNDA:4,(anonymous_6)
DA:3,6
DA:4,6
DA:5,6
DA:10,6
DA:12,6
DA:26,7
DA:38,7
DA:40,7
DA:42,4
DA:43,4
DA:44,3
DA:45,3
DA:49,4
DA:61,19
DA:68,19
DA:69,1
DA:72,18
DA:74,18
DA:94,18
DA:96,18
DA:106,3
DA:119,2
DA:131,5
DA:145,5
DA:147,5
DA:149,3
DA:170,8
DA:171,2
DA:174,8
DA:181,7
DA:183,7
DA:191,7
DA:192,7
DA:194,7
DA:196,5
DA:197,5
DA:203,5
DA:210,5
DA:212,5
DA:222,4
DA:229,4
DA:230,1
DA:232,3
DA:239,3
DA:240,3
DA:245,6
LF:46
LH:46
BRDA:40,0,0,4
BRDA:40,0,1,3
BRDA:43,1,0,3
BRDA:43,1,1,1
BRDA:68,2,0,1
BRDA:68,2,1,18
BRDA:147,3,0,2
BRDA:147,3,1,3
BRDA:170,4,0,2
BRDA:170,4,1,6
BRDA:194,5,0,2
BRDA:194,5,1,5
BRDA:212,6,0,2
BRDA:212,6,1,3
BRDA:229,7,0,1
BRDA:229,7,1,3
BRF:16
BRH:16
end_of_record
TN:
SF:routes/_testCommon.js
FN:9,commonBeforeAll
FN:95,commonBeforeEach
FN:99,commonAfterEach
FN:103,commonAfterAll
FNF:4
FNH:4
FNDA:4,commonBeforeAll
FNDA:78,commonBeforeEach
FNDA:78,commonAfterEach
FNDA:4,commonAfterAll
DA:3,4
DA:4,4
DA:5,4
DA:6,4
DA:7,4
DA:11,4
DA:13,4
DA:14,4
DA:15,4
DA:17,4
DA:25,4
DA:33,4
DA:41,4
DA:50,4
DA:58,4
DA:66,4
DA:75,4
DA:81,4
DA:87,4
DA:96,78
DA:100,78
DA:104,4
DA:108,4
DA:109,4
DA:112,4
LF:25
LH:25
BRF:0
BRH:0
end_of_record
TN:
SF:routes/auth.js
FN:22,(anonymous_0)
FN:26,(anonymous_1)
FN:49,(anonymous_2)
FN:53,(anonymous_3)
FNF:4
FNH:4
FNDA:5,(anonymous_0)
FNDA:2,(anonymous_1)
FNDA:3,(anonymous_2)
FNDA:5,(anonymous_3)
DA:5,5
DA:7,5
DA:8,5
DA:9,5
DA:10,5
DA:11,5
DA:12,5
DA:13,5
DA:22,5
DA:23,5
DA:24,5
DA:25,5
DA:26,2
DA:27,2
DA:30,3
DA:31,3
DA:32,1
DA:33,1
DA:35,4
DA:49,5
DA:50,3
DA:51,3
DA:52,3
DA:53,5
DA:54,2
DA:57,1
DA:58,1
DA:59,1
DA:61,2
DA:66,5
LF:30
LH:30
BRDA:25,0,0,2
BRDA:25,0,1,3
BRDA:52,1,0,2
BRDA:52,1,1,1
BRF:4
BRH:4
end_of_record
TN:
SF:routes/companies.js
FN:28,(anonymous_0)
FN:32,(anonymous_1)
FN:54,(anonymous_2)
FN:88,(anonymous_3)
FN:109,(anonymous_4)
FN:113,(anonymous_5)
FN:129,(anonymous_6)
FNF:7
FNH:7
FNDA:3,(anonymous_0)
FNDA:3,(anonymous_1)
FNDA:5,(anonymous_2)
FNDA:3,(anonymous_3)
FNDA:4,(anonymous_4)
FNDA:2,(anonymous_5)
FNDA:2,(anonymous_6)
DA:5,5
DA:6,5
DA:8,5
DA:9,5
DA:10,5
DA:12,5
DA:13,5
DA:14,5
DA:16,5
DA:28,5
DA:29,3
DA:30,3
DA:31,3
DA:32,3
DA:33,2
DA:36,1
DA:37,1
DA:39,2
DA:54,5
DA:55,5
DA:56,5
DA:57,5
DA:58,5
DA:59,5
DA:60,0
DA:64,5
DA:65,1
DA:68,4
DA:71,4
DA:72,2
DA:74,4
DA:76,1
DA:88,5
DA:89,3
DA:90,3
DA:91,2
DA:92,2
DA:94,1
DA:109,5
DA:110,4
DA:111,4
DA:112,4
DA:113,2
DA:114,2
DA:117,2
DA:118,1
DA:120,3
DA:129,5
DA:130,2
DA:131,2
DA:132,1
DA:134,1
DA:139,5
LF:53
LH:52
BRDA:31,0,0,2
BRDA:31,0,1,1
BRDA:59,1,0,0
BRDA:59,1,1,5
BRDA:59,2,0,5
BRDA:59,2,1,1
BRDA:59,2,2,0
BRDA:64,3,0,1
BRDA:64,3,1,4
BRDA:71,4,0,2
BRDA:71,4,1,2
BRDA:71,5,0,4
BRDA:71,5,1,3
BRDA:112,6,0,2
BRDA:112,6,1,2
BRF:15
BRH:13
end_of_record
TN:
SF:routes/jobs.js
FN:27,(anonymous_0)
FN:31,(anonymous_1)
FN:53,(anonymous_2)
FN:89,(anonymous_3)
FN:109,(anonymous_4)
FN:113,(anonymous_5)
FN:129,(anonymous_6)
FNF:7
FNH:7
FNDA:2,(anonymous_0)
FNDA:1,(anonymous_1)
FNDA:8,(anonymous_2)
FNDA:2,(anonymous_3)
FNDA:3,(anonymous_4)
FNDA:1,(anonymous_5)
FNDA:2,(anonymous_6)
DA:5,5
DA:6,5
DA:8,5
DA:9,5
DA:10,5
DA:12,5
DA:13,5
DA:15,5
DA:27,5
DA:28,2
DA:29,2
DA:30,2
DA:31,1
DA:32,1
DA:35,1
DA:36,1
DA:38,1
DA:53,5
DA:54,8
DA:55,8
DA:56,8
DA:57,8
DA:59,8
DA:60,1
DA:61,7
DA:62,1
DA:63,6
DA:64,1
DA:65,5
DA:66,1
DA:67,4
DA:68,1
DA:69,3
DA:70,1
DA:71,2
DA:72,1
DA:74,1
DA:76,8
DA:78,0
DA:89,5
DA:90,2
DA:91,2
DA:92,1
DA:94,1
DA:109,5
DA:110,3
DA:111,3
DA:112,3
DA:113,1
DA:114,1
DA:117,2
DA:118,1
DA:120,2
DA:129,5
DA:130,2
DA:131,2
DA:132,1
DA:134,1
DA:139,5
LF:59
LH:58
BRDA:30,0,0,1
BRDA:30,0,1,1
BRDA:57,1,0,4
BRDA:57,1,1,4
BRDA:59,2,0,1
BRDA:59,2,1,7
BRDA:59,3,0,8
BRDA:59,3,1,4
BRDA:59,3,2,2
BRDA:61,4,0,1
BRDA:61,4,1,6
BRDA:61,5,0,7
BRDA:61,5,1,3
BRDA:63,6,0,1
BRDA:63,6,1,5
BRDA:63,7,0,6
BRDA:63,7,1,2
BRDA:65,8,0,1
BRDA:65,8,1,4
BRDA:65,9,0,5
BRDA:65,9,1,2
BRDA:67,10,0,1
BRDA:67,10,1,3
BRDA:69,11,0,1
BRDA:69,11,1,2
BRDA:71,12,0,1
BRDA:71,12,1,1
BRDA:112,13,0,1
BRDA:112,13,1,2
BRF:29
BRH:29
end_of_record
TN:
SF:routes/users.js
FN:31,(anonymous_0)
FN:35,(anonymous_1)
FN:55,(anonymous_2)
FN:72,(anonymous_3)
FN:92,(anonymous_4)
FN:96,(anonymous_5)
FN:113,(anonymous_6)
FN:131,(anonymous_7)
FNF:8
FNH:8
FNDA:4,(anonymous_0)
FNDA:5,(anonymous_1)
FNDA:2,(anonymous_2)
FNDA:3,(anonymous_3)
FNDA:5,(anonymous_4)
FNDA:1,(anonymous_5)
FNDA:3,(anonymous_6)
FNDA:1,(anonymous_7)
DA:5,5
DA:7,5
DA:8,5
DA:9,5
DA:10,5
DA:11,5
DA:12,5
DA:13,5
DA:14,5
DA:16,5
DA:31,5
DA:32,4
DA:33,4
DA:34,4
DA:35,5
DA:36,2
DA:39,2
DA:40,2
DA:41,2
DA:43,2
DA:55,5
DA:56,2
DA:57,2
DA:58,1
DA:60,1
DA:72,5
DA:73,3
DA:74,3
DA:75,2
DA:77,1
DA:92,5
DA:93,5
DA:94,5
DA:95,5
DA:96,1
DA:97,1
DA:100,4
DA:101,3
DA:103,2
DA:113,5
DA:114,3
DA:115,3
DA:116,2
DA:118,1
DA:131,5
DA:132,1
DA:133,1
DA:134,1
DA:136,0
DA:141,5
LF:50
LH:49
BRDA:34,0,0,2
BRDA:34,0,1,2
BRDA:95,1,0,1
BRDA:95,1,1,4
BRF:4
BRH:4
end_of_record
